#
# A fatal error has been detected by the Java Runtime Environment:
#
#  EXCEPTION_ACCESS_VIOLATION (0xc0000005) at pc=0x10006073, pid=6556, tid=5756
#
# JRE version: 6.0_26-b03
# Java VM: Java HotSpot(TM) Client VM (20.1-b02 mixed mode, sharing windows-x86 )
# Problematic frame:
# C  0x10006073
#
# If you would like to submit a bug report, please visit:
#   http://java.sun.com/webapps/bugreport/crash.jsp
# The crash happened outside the Java Virtual Machine in native code.
# See problematic frame for where to report the bug.
#

---------------  T H R E A D  ---------------

Current thread (0x01e64400):  JavaThread "Finalizer" daemon [_thread_in_native, id=5756, stack(0x04440000,0x04490000)]

siginfo: ExceptionCode=0xc0000005, reading address 0x10006073

Registers:
EAX=0x10006073, EBX=0x342e41a0, ECX=0x01e64528, EDX=0x342fc6a8
ESP=0x0448f6bc, EBP=0x0448f6f0, ESI=0x342e41a0, EDI=0x01e64400
EIP=0x10006073, EFLAGS=0x00010287

Top of Stack: (sp=0x0448f6bc)
0x0448f6bc:   02239fc7 01e64528 0448f6f8 0083f998
0x0448f6cc:   00000000 0448f6d0 00000000 0448f704
0x0448f6dc:   342fc6a8 00000000 342e41a0 00000000
0x0448f6ec:   0448f700 0448f728 02232e21 342e4500
0x0448f6fc:   022382e9 0083f998 00000000 0448f708
0x0448f70c:   342e234c 0448f730 342fc6a8 00000000
0x0448f71c:   342e2370 0448f700 0448f730 0448f74c
0x0448f72c:   02230364 2b7178b8 0448f75c 6d8ea71e 

Instructions: (pc=0x10006073)
0x10006053:   
[error occurred during error reporting (printing registers, top of stack, instructions near pc), id 0xc0000005]

Register to memory mapping:

EAX=0x10006073 is an unknown value
EBX=0x342e41a0 is an oop
{method} 
 - klass: {other class}
ECX=0x01e64528 is an unknown value
EDX=0x342fc6a8 is an oop
{constant pool cache} 
 - klass: {other class}
ESP=0x0448f6bc is pointing into the stack for thread: 0x01e64400
EBP=0x0448f6f0 is pointing into the stack for thread: 0x01e64400
ESI=0x342e41a0 is an oop
{method} 
 - klass: {other class}
EDI=0x01e64400 is a thread


Stack: [0x04440000,0x04490000],  sp=0x0448f6bc,  free space=317k
Native frames: (J=compiled Java code, j=interpreted, Vv=VM code, C=native code)
C  0x10006073
j  com.sun.jna.Memory.finalize()V+4
v  ~StubRoutines::call_stub
V  [jvm.dll+0xfae4b]
V  [jvm.dll+0x18c531]
V  [jvm.dll+0xfaecd]
V  [jvm.dll+0x95a51]
V  [jvm.dll+0x98819]
C  [java.dll+0x2100]  Java_java_lang_ref_Finalizer_invokeFinalizeMethod+0x39
j  java.lang.ref.Finalizer.runFinalizer()V+45
j  java.lang.ref.Finalizer.access$100(Ljava/lang/ref/Finalizer;)V+1
j  java.lang.ref.Finalizer$FinalizerThread.run()V+11
v  ~StubRoutines::call_stub
V  [jvm.dll+0xfae4b]
V  [jvm.dll+0x18c531]
V  [jvm.dll+0xfaff1]
V  [jvm.dll+0xfb04b]
V  [jvm.dll+0xb56b9]
V  [jvm.dll+0x1190d4]
V  [jvm.dll+0x1411ac]
C  [msvcr71.dll+0x9565]  endthreadex+0xa0
C  [kernel32.dll+0x13677]  BaseThreadInitThunk+0x12
C  [ntdll.dll+0x39d42]  RtlInitializeExceptionChain+0x63
C  [ntdll.dll+0x39d15]  RtlInitializeExceptionChain+0x36

Java frames: (J=compiled Java code, j=interpreted, Vv=VM code)
j  com.sun.jna.Memory.free(J)V+0
j  com.sun.jna.Memory.finalize()V+4
v  ~StubRoutines::call_stub
j  java.lang.ref.Finalizer.invokeFinalizeMethod(Ljava/lang/Object;)V+0
j  java.lang.ref.Finalizer.runFinalizer()V+45
j  java.lang.ref.Finalizer.access$100(Ljava/lang/ref/Finalizer;)V+1
j  java.lang.ref.Finalizer$FinalizerThread.run()V+11
v  ~StubRoutines::call_stub

---------------  P R O C E S S  ---------------

Java Threads: ( => current thread )
  0x04921c00 JavaThread "AWT-Shutdown" [_thread_blocked, id=2916, stack(0x08930000,0x08980000)]
  0x04923400 JavaThread "Thread-3" daemon [_thread_in_native, id=4736, stack(0x089c0000,0x08a10000)]
  0x004b9400 JavaThread "DestroyJavaVM" [_thread_blocked, id=4728, stack(0x00430000,0x00480000)]
  0x048bf800 JavaThread "Thread-4" daemon [_thread_blocked, id=6388, stack(0x052d0000,0x05320000)]
  0x04876c00 JavaThread "Java2D Disposer" daemon [_thread_blocked, id=4744, stack(0x04eb0000,0x04f00000)]
  0x01ecc800 JavaThread "Thread-1" daemon [_thread_blocked, id=6952, stack(0x049a0000,0x049f0000)]
  0x01e77000 JavaThread "Low Memory Detector" daemon [_thread_blocked, id=6456, stack(0x04680000,0x046d0000)]
  0x01e72400 JavaThread "C1 CompilerThread0" daemon [_thread_blocked, id=4608, stack(0x045f0000,0x04640000)]
  0x01e6f000 JavaThread "Attach Listener" daemon [_thread_blocked, id=1064, stack(0x04560000,0x045b0000)]
  0x01e6c000 JavaThread "Signal Dispatcher" daemon [_thread_blocked, id=3764, stack(0x044d0000,0x04520000)]
=>0x01e64400 JavaThread "Finalizer" daemon [_thread_in_native, id=5756, stack(0x04440000,0x04490000)]
  0x01e62400 JavaThread "Reference Handler" daemon [_thread_blocked, id=5772, stack(0x043b0000,0x04400000)]

Other Threads:
  0x01e26800 VMThread [stack: 0x04320000,0x04370000] [id=2736]
  0x01e90c00 WatcherThread [stack: 0x04710000,0x04760000] [id=1068]

VM state:not at safepoint (normal execution)

VM Mutex/Monitor currently owned by a thread: None

Heap
 def new generation   total 24960K, used 2678K [0x24170000, 0x25c80000, 0x296c0000)
  eden space 22208K,  12% used [0x24170000, 0x2440da00, 0x25720000)
  from space 2752K,   0% used [0x25720000, 0x25720000, 0x259d0000)
  to   space 2752K,   0% used [0x259d0000, 0x259d0000, 0x25c80000)
 tenured generation   total 55348K, used 33207K [0x296c0000, 0x2cccd000, 0x34170000)
   the space 55348K,  59% used [0x296c0000, 0x2b72dff8, 0x2b72e000, 0x2cccd000)
 compacting perm gen  total 12288K, used 1783K [0x34170000, 0x34d70000, 0x38170000)
   the space 12288K,  14% used [0x34170000, 0x3432dfd0, 0x3432e000, 0x34d70000)
    ro space 10240K,  51% used [0x38170000, 0x3869dff8, 0x3869e000, 0x38b70000)
    rw space 12288K,  55% used [0x38b70000, 0x3920c208, 0x3920c400, 0x39770000)

Code Cache  [0x02230000, 0x02370000, 0x04230000)
 total_blobs=495 nmethods=328 adapters=103 free_code_cache=32258432 largest_free_block=0

Dynamic libraries:
0x00400000 - 0x00424000 	C:\Program Files (x86)\Java\jre6\bin\javaw.exe
0x770b0000 - 0x77230000 	C:\windows\SysWOW64\ntdll.dll
0x75e90000 - 0x75f90000 	C:\windows\syswow64\kernel32.dll
0x762e0000 - 0x76326000 	C:\windows\syswow64\KERNELBASE.dll
0x72a90000 - 0x72ac4000 	C:\Program Files\Alwil Software\Avast5\snxhk.dll
0x768b0000 - 0x76950000 	C:\windows\syswow64\ADVAPI32.dll
0x767d0000 - 0x7687c000 	C:\windows\syswow64\msvcrt.dll
0x74ea0000 - 0x74eb9000 	C:\windows\SysWOW64\sechost.dll
0x761f0000 - 0x762e0000 	C:\windows\syswow64\RPCRT4.dll
0x74c20000 - 0x74c80000 	C:\windows\syswow64\SspiCli.dll
0x74c10000 - 0x74c1c000 	C:\windows\syswow64\CRYPTBASE.dll
0x76330000 - 0x76430000 	C:\windows\syswow64\USER32.dll
0x760d0000 - 0x76160000 	C:\windows\syswow64\GDI32.dll
0x767c0000 - 0x767ca000 	C:\windows\syswow64\LPK.dll
0x74c80000 - 0x74d1d000 	C:\windows\syswow64\USP10.dll
0x76430000 - 0x76490000 	C:\windows\system32\IMM32.DLL
0x766f0000 - 0x767bc000 	C:\windows\syswow64\MSCTF.dll
0x7c340000 - 0x7c396000 	C:\Program Files (x86)\Java\jre6\bin\msvcr71.dll
0x6d7f0000 - 0x6da9f000 	C:\Program Files (x86)\Java\jre6\bin\client\jvm.dll
0x731a0000 - 0x731d2000 	C:\windows\system32\WINMM.dll
0x743b0000 - 0x743fb000 	C:\windows\system32\apphelp.dll
0x6d7a0000 - 0x6d7ac000 	C:\Program Files (x86)\Java\jre6\bin\verify.dll
0x6d320000 - 0x6d33f000 	C:\Program Files (x86)\Java\jre6\bin\java.dll
0x77080000 - 0x77085000 	C:\windows\system32\PSAPI.DLL
0x6d7e0000 - 0x6d7ef000 	C:\Program Files (x86)\Java\jre6\bin\zip.dll
0x725b0000 - 0x725c6000 	C:\windows\system32\CRYPTSP.dll
0x72490000 - 0x724cb000 	C:\windows\system32\rsaenh.dll
0x748b0000 - 0x748c7000 	C:\windows\system32\USERENV.dll
0x748a0000 - 0x748ab000 	C:\windows\system32\profapi.dll
0x6d600000 - 0x6d613000 	C:\Program Files (x86)\Java\jre6\bin\net.dll
0x75c50000 - 0x75c85000 	C:\windows\syswow64\WS2_32.dll
0x75e80000 - 0x75e86000 	C:\windows\syswow64\NSI.dll
0x724d0000 - 0x7250c000 	C:\windows\system32\mswsock.dll
0x72340000 - 0x72346000 	C:\windows\System32\wship6.dll
0x72470000 - 0x72480000 	C:\windows\system32\NLAapi.dll
0x72420000 - 0x72464000 	C:\windows\system32\DNSAPI.dll
0x72410000 - 0x72418000 	C:\windows\System32\winrnr.dll
0x72400000 - 0x72410000 	C:\windows\system32\napinsp.dll
0x723e0000 - 0x723f2000 	C:\windows\system32\pnrpnsp.dll
0x723b0000 - 0x723d7000 	C:\Program Files (x86)\Common Files\Microsoft Shared\Windows Live\WLIDNSP.DLL
0x76690000 - 0x766e7000 	C:\windows\syswow64\SHLWAPI.dll
0x72380000 - 0x723a5000 	C:\Program Files (x86)\Bonjour\mdnsNSP.dll
0x72360000 - 0x7237c000 	C:\windows\system32\Iphlpapi.DLL
0x72350000 - 0x72357000 	C:\windows\system32\WINNSI.DLL
0x72480000 - 0x72485000 	C:\windows\System32\wshtcpip.dll
0x72330000 - 0x72336000 	C:\windows\system32\rasadhlp.dll
0x744a0000 - 0x744d8000 	C:\windows\System32\fwpuclnt.dll
0x6d000000 - 0x6d14b000 	C:\Program Files (x86)\Java\jre6\bin\awt.dll
0x73c40000 - 0x73c91000 	C:\windows\system32\WINSPOOL.DRV
0x769b0000 - 0x76b0c000 	C:\windows\syswow64\ole32.dll
0x73f20000 - 0x740be000 	C:\windows\WinSxS\x86_microsoft.windows.common-controls_6595b64144ccf1df_6.0.7600.16385_none_421189da2b7fabfc\COMCTL32.dll
0x73cb0000 - 0x73cc3000 	C:\windows\system32\DWMAPI.DLL
0x73ac0000 - 0x73b40000 	C:\windows\system32\uxtheme.dll
0x72a30000 - 0x72a88000 	C:\Program Files (x86)\Common Files\microsoft shared\ink\tiptsf.dll
0x76160000 - 0x761ef000 	C:\windows\syswow64\OLEAUT32.dll
0x6d230000 - 0x6d27f000 	C:\Program Files (x86)\Java\jre6\bin\fontmanager.dll
0x69460000 - 0x69623000 	C:\windows\system32\d3d9.dll
0x748e0000 - 0x748e9000 	C:\windows\system32\VERSION.dll
0x69450000 - 0x69456000 	C:\windows\system32\d3d8thk.dll
0x61010000 - 0x6178e000 	C:\windows\system32\nvd3dum.dll
0x72f40000 - 0x72f65000 	C:\windows\system32\powrprof.dll
0x75ce0000 - 0x75e7d000 	C:\windows\syswow64\SETUPAPI.dll
0x76980000 - 0x769a7000 	C:\windows\syswow64\CFGMGR32.dll
0x75f90000 - 0x75fa2000 	C:\windows\syswow64\DEVOBJ.dll

VM Arguments:
java_command: C:\Users\usuario\Desktop\stuff\crap\shimeji\nien2\Shimeji.jar
Launcher Type: SUN_STANDARD

Environment Variables:
CLASSPATH=.;C:\Program Files (x86)\Java\jre6\lib\ext\QTJava.zip
PATH=C:\Program Files\Common Files\Microsoft Shared\Windows Live;C:\Program Files (x86)\Common Files\Microsoft Shared\Windows Live;C:\windows\system32;C:\windows;C:\windows\System32\Wbem;C:\windows\System32\WindowsPowerShell\v1.0\;C:\Program Files (x86)\Autodesk\Backburner\;C:\Program Files (x86)\Common Files\Autodesk Shared\;C:\Program Files\Common Files\Autodesk Shared\;C:\Program Files (x86)\Windows Live\Shared;C:\Program Files (x86)\QuickTime\QTSystem\;C:\Program Files (x86)\Common Files\Roxio Shared\DLLShared\;C:\Program Files (x86)\Common Files\Roxio Shared\9.0\DLLShared\;C:\Program Files (x86)\Java\jre6\bin
USERNAME=usuario
OS=Windows_NT
PROCESSOR_IDENTIFIER=Intel64 Family 6 Model 30 Stepping 5, GenuineIntel



---------------  S Y S T E M  ---------------

OS: Windows 7 Build 7600 

CPU:total 8 (4 cores per cpu, 2 threads per core) family 6 model 30 stepping 5, cmov, cx8, fxsr, mmx, sse, sse2, sse3, ssse3, sse4.1, sse4.2, popcnt, ht

Memory: 4k page, physical 4123312k(2118292k free), swap 8244724k(5932760k free)

vm_info: Java HotSpot(TM) Client VM (20.1-b02) for windows-x86 JRE (1.6.0_26-b03), built on May  4 2011 00:50:59 by "java_re" with MS VC++ 7.1 (VS2003)

time: Fri Nov 04 09:01:34 2011
elapsed time: 3 seconds

