#
# A fatal error has been detected by the Java Runtime Environment:
#
#  EXCEPTION_ACCESS_VIOLATION (0xc0000005) at pc=0x6d886277, pid=6656, tid=1536
#
# JRE version: 6.0_26-b03
# Java VM: Java HotSpot(TM) Client VM (20.1-b02 mixed mode, sharing windows-x86 )
# Problematic frame:
# V  [jvm.dll+0x96277]
#
# If you would like to submit a bug report, please visit:
#   http://java.sun.com/webapps/bugreport/crash.jsp
#

---------------  T H R E A D  ---------------

Current thread (0x08a39c00):  JavaThread "Thread-7" [_thread_in_vm, id=1536, stack(0x08de0000,0x08e30000)]

siginfo: ExceptionCode=0xc0000005, reading address 0x00000000

Registers:
EAX=0x00000000, EBX=0x296dc001, ECX=0x00000006, EDX=0x6da542c0
ESP=0x08e2f21c, EBP=0x08e2f228, ESI=0x04845098, EDI=0x08a39c00
EIP=0x6d886277, EFLAGS=0x00010202

Top of Stack: (sp=0x08e2f21c)
0x08e2f21c:   08a39c00 244454f8 296dc020 08e2f4a8
0x08e2f22c:   10001528 08a39d28 04845098 00000000
0x08e2f23c:   02293730 24441f20 00000008 08e2fa78
0x08e2f24c:   10001451 24443b80 24441908 022c32f4
0x08e2f25c:   26006ed0 244446e8 0000007d 08e2fa78
0x08e2f26c:   1000141e 0000000f 08e2f2a4 6d7f2ac6
0x08e2f27c:   08a39c00 00000004 08a39c00 296dc020
0x08e2f28c:   08e2f280 08a39c00 08e2fa78 6d9f9d60 

Instructions: (pc=0x6d886277)
0x6d886257:   d7 07 00 33 ff eb 02 8b f9 6a 06 57 e8 e8 c8 f6
0x6d886267:   ff 8b 75 0c 83 c4 08 85 f6 b3 01 74 3e 8b 45 10
0x6d886277:   8b 00 50 32 db e8 df 51 f8 ff 83 c4 04 85 c0 74
0x6d886287:   2a 8b 0e 8b 49 04 8b 50 10 8b 34 0a 83 c1 08 3b 


Register to memory mapping:

EAX=0x00000000 is an unknown value
EBX=0x296dc001 is an oop
com.sun.jna.Function 
 - klass: 'com/sun/jna/Function'
ECX=0x00000006 is an unknown value
EDX=0x6da542c0 is an unknown value
ESP=0x08e2f21c is pointing into the stack for thread: 0x08a39c00
EBP=0x08e2f228 is pointing into the stack for thread: 0x08a39c00
ESI=0x04845098 is an unknown value
EDI=0x08a39c00 is a thread


Stack: [0x08de0000,0x08e30000],  sp=0x08e2f21c,  free space=316k
Native frames: (J=compiled Java code, j=interpreted, Vv=VM code, C=native code)
V  [jvm.dll+0x96277]
C  0x10001528
C  0x10002881
J  com.sun.jna.Function.invokeInt(I[Ljava/lang/Object;)I
J  com.sun.jna.Function.invoke([Ljava/lang/Object;Ljava/lang/Class;Z)Ljava/lang/Object;
V  [jvm.dll+0xfae4b]
V  [jvm.dll+0x18c531]
V  [jvm.dll+0xfaff1]
V  [jvm.dll+0xfb04b]
V  [jvm.dll+0xb56b9]
V  [jvm.dll+0x1190d4]
V  [jvm.dll+0x1411ac]
C  [msvcr71.dll+0x9565]  endthreadex+0xa0
C  [kernel32.dll+0x13677]  BaseThreadInitThunk+0x12
C  [ntdll.dll+0x39d42]  RtlInitializeExceptionChain+0x63
C  [ntdll.dll+0x39d15]  RtlInitializeExceptionChain+0x36

Java frames: (J=compiled Java code, j=interpreted, Vv=VM code)
J  com.sun.jna.Function.invokeInt(I[Ljava/lang/Object;)I
J  com.sun.jna.Function.invoke([Ljava/lang/Object;Ljava/lang/Class;Z)Ljava/lang/Object;
J  com.sun.jna.Function.invoke(Ljava/lang/Class;[Ljava/lang/Object;Ljava/util/Map;)Ljava/lang/Object;
J  com.sun.jna.Library$Handler.invoke(Ljava/lang/Object;Ljava/lang/reflect/Method;[Ljava/lang/Object;)Ljava/lang/Object;
J  $Proxy0.SystemParametersInfoW(IILcom/group_finity/mascot/win/jna/RECT;I)I
J  com.group_finity.mascot.win.WindowsEnvironment.getWorkAreaRect()Ljava/awt/Rectangle;
J  com.group_finity.mascot.win.WindowsEnvironment.tick()V
J  com.group_finity.mascot.Manager.tick()V
J  com.group_finity.mascot.Manager$2.run()V
v  ~StubRoutines::call_stub

---------------  P R O C E S S  ---------------

Java Threads: ( => current thread )
  0x020b9400 JavaThread "Thread-3" daemon [_thread_in_native, id=1748, stack(0x08920000,0x08970000)]
  0x04801800 JavaThread "SIGTERM handler" daemon [_thread_blocked, id=7336, stack(0x08580000,0x085d0000)]
  0x02119400 JavaThread "DestroyJavaVM" [_thread_blocked, id=6680, stack(0x01c70000,0x01cc0000)]
=>0x08a39c00 JavaThread "Thread-7" [_thread_in_vm, id=1536, stack(0x08de0000,0x08e30000)]
  0x048eb000 JavaThread "AWT-EventQueue-0" [_thread_in_native, id=3268, stack(0x08530000,0x08580000)]
  0x048a6c00 JavaThread "AWT-Shutdown" [_thread_blocked, id=6176, stack(0x084a0000,0x084f0000)]
  0x04847000 JavaThread "Thread-4" daemon [_thread_blocked, id=628, stack(0x05270000,0x052c0000)]
  0x04846800 JavaThread "AWT-Windows" daemon [_thread_in_native, id=5744, stack(0x05040000,0x05090000)]
  0x04809400 JavaThread "Java2D Disposer" daemon [_thread_blocked, id=6612, stack(0x04e20000,0x04e70000)]
  0x020c8000 JavaThread "Thread-1" daemon [_thread_blocked, id=6936, stack(0x04930000,0x04980000)]
  0x02085c00 JavaThread "Low Memory Detector" daemon [_thread_blocked, id=5968, stack(0x04610000,0x04660000)]
  0x0207a000 JavaThread "C1 CompilerThread0" daemon [_thread_blocked, id=6184, stack(0x04580000,0x045d0000)]
  0x0206f000 JavaThread "Attach Listener" daemon [_thread_blocked, id=2840, stack(0x044f0000,0x04540000)]
  0x0206c000 JavaThread "Signal Dispatcher" daemon [_thread_blocked, id=3232, stack(0x04460000,0x044b0000)]
  0x02064400 JavaThread "Finalizer" daemon [_thread_blocked, id=6452, stack(0x043d0000,0x04420000)]
  0x02062400 JavaThread "Reference Handler" daemon [_thread_blocked, id=3700, stack(0x04340000,0x04390000)]

Other Threads:
  0x02026800 VMThread [stack: 0x042b0000,0x04300000] [id=2196]
  0x02087400 WatcherThread [stack: 0x046a0000,0x046f0000] [id=6908]

VM state:not at safepoint (normal execution)

VM Mutex/Monitor currently owned by a thread: None

Heap
 def new generation   total 35136K, used 4894K [0x24170000, 0x26780000, 0x296c0000)
  eden space 31296K,  10% used [0x24170000, 0x244a7f38, 0x26000000)
  from space 3840K,  41% used [0x26000000, 0x2618fbf8, 0x263c0000)
  to   space 3840K,   0% used [0x263c0000, 0x263c0000, 0x26780000)
 tenured generation   total 77908K, used 77507K [0x296c0000, 0x2e2d5000, 0x34170000)
   the space 77908K,  99% used [0x296c0000, 0x2e270df8, 0x2e270e00, 0x2e2d5000)
 compacting perm gen  total 12288K, used 2840K [0x34170000, 0x34d70000, 0x38170000)
   the space 12288K,  23% used [0x34170000, 0x34436320, 0x34436400, 0x34d70000)
    ro space 10240K,  51% used [0x38170000, 0x3869dff8, 0x3869e000, 0x38b70000)
    rw space 12288K,  55% used [0x38b70000, 0x3920c208, 0x3920c400, 0x39770000)

Code Cache  [0x02120000, 0x02438000, 0x04120000)
 total_blobs=1506 nmethods=1302 adapters=139 free_code_cache=30331584 largest_free_block=320

Dynamic libraries:
0x00400000 - 0x00424000 	C:\Program Files (x86)\Java\jre6\bin\javaw.exe
0x77150000 - 0x772d0000 	C:\windows\SysWOW64\ntdll.dll
0x76690000 - 0x76790000 	C:\windows\syswow64\kernel32.dll
0x75110000 - 0x75156000 	C:\windows\syswow64\KERNELBASE.dll
0x72a30000 - 0x72a64000 	C:\Program Files\Alwil Software\Avast5\snxhk.dll
0x75260000 - 0x75300000 	C:\windows\syswow64\ADVAPI32.dll
0x76320000 - 0x763cc000 	C:\windows\syswow64\msvcrt.dll
0x76670000 - 0x76689000 	C:\windows\SysWOW64\sechost.dll
0x75020000 - 0x75110000 	C:\windows\syswow64\RPCRT4.dll
0x74cc0000 - 0x74d20000 	C:\windows\syswow64\SspiCli.dll
0x74cb0000 - 0x74cbc000 	C:\windows\syswow64\CRYPTBASE.dll
0x75160000 - 0x75260000 	C:\windows\syswow64\USER32.dll
0x76410000 - 0x764a0000 	C:\windows\syswow64\GDI32.dll
0x76790000 - 0x7679a000 	C:\windows\syswow64\LPK.dll
0x75460000 - 0x754fd000 	C:\windows\syswow64\USP10.dll
0x74fc0000 - 0x75020000 	C:\windows\system32\IMM32.DLL
0x75500000 - 0x755cc000 	C:\windows\syswow64\MSCTF.dll
0x7c340000 - 0x7c396000 	C:\Program Files (x86)\Java\jre6\bin\msvcr71.dll
0x6d7f0000 - 0x6da9f000 	C:\Program Files (x86)\Java\jre6\bin\client\jvm.dll
0x73050000 - 0x73082000 	C:\windows\system32\WINMM.dll
0x743d0000 - 0x7441b000 	C:\windows\system32\apphelp.dll
0x6d7a0000 - 0x6d7ac000 	C:\Program Files (x86)\Java\jre6\bin\verify.dll
0x6d320000 - 0x6d33f000 	C:\Program Files (x86)\Java\jre6\bin\java.dll
0x76400000 - 0x76405000 	C:\windows\system32\PSAPI.DLL
0x6d7e0000 - 0x6d7ef000 	C:\Program Files (x86)\Java\jre6\bin\zip.dll
0x72650000 - 0x72666000 	C:\windows\system32\CRYPTSP.dll
0x72610000 - 0x7264b000 	C:\windows\system32\rsaenh.dll
0x74950000 - 0x74967000 	C:\windows\system32\USERENV.dll
0x74940000 - 0x7494b000 	C:\windows\system32\profapi.dll
0x6d600000 - 0x6d613000 	C:\Program Files (x86)\Java\jre6\bin\net.dll
0x76c80000 - 0x76cb5000 	C:\windows\syswow64\WS2_32.dll
0x74fb0000 - 0x74fb6000 	C:\windows\syswow64\NSI.dll
0x725d0000 - 0x7260c000 	C:\windows\system32\mswsock.dll
0x723e0000 - 0x723e6000 	C:\windows\System32\wship6.dll
0x725b0000 - 0x725c0000 	C:\windows\system32\NLAapi.dll
0x72560000 - 0x725a4000 	C:\windows\system32\DNSAPI.dll
0x72550000 - 0x72558000 	C:\windows\System32\winrnr.dll
0x72540000 - 0x72550000 	C:\windows\system32\napinsp.dll
0x72510000 - 0x72522000 	C:\windows\system32\pnrpnsp.dll
0x724e0000 - 0x72507000 	C:\Program Files (x86)\Common Files\Microsoft Shared\Windows Live\WLIDNSP.DLL
0x764c0000 - 0x76517000 	C:\windows\syswow64\SHLWAPI.dll
0x724b0000 - 0x724d5000 	C:\Program Files (x86)\Bonjour\mdnsNSP.dll
0x72490000 - 0x724ac000 	C:\windows\system32\Iphlpapi.DLL
0x72530000 - 0x72537000 	C:\windows\system32\WINNSI.DLL
0x725c0000 - 0x725c5000 	C:\windows\System32\wshtcpip.dll
0x723d0000 - 0x723d6000 	C:\windows\system32\rasadhlp.dll
0x744c0000 - 0x744f8000 	C:\windows\System32\fwpuclnt.dll
0x6d000000 - 0x6d14b000 	C:\Program Files (x86)\Java\jre6\bin\awt.dll
0x73390000 - 0x733e1000 	C:\windows\system32\WINSPOOL.DRV
0x75300000 - 0x7545c000 	C:\windows\syswow64\ole32.dll
0x73c30000 - 0x73dce000 	C:\windows\WinSxS\x86_microsoft.windows.common-controls_6595b64144ccf1df_6.0.7600.16385_none_421189da2b7fabfc\COMCTL32.dll
0x74f20000 - 0x74fa4000 	C:\windows\WinSxS\x86_microsoft.windows.common-controls_6595b64144ccf1df_5.82.7600.16385_none_ebf82fc36c758ad5\comctl32.dll
0x73360000 - 0x73373000 	C:\windows\system32\DWMAPI.DLL
0x73700000 - 0x73780000 	C:\windows\system32\uxtheme.dll
0x729d0000 - 0x72a28000 	C:\Program Files (x86)\Common Files\microsoft shared\ink\tiptsf.dll
0x76cc0000 - 0x76d4f000 	C:\windows\syswow64\OLEAUT32.dll
0x6d230000 - 0x6d27f000 	C:\Program Files (x86)\Java\jre6\bin\fontmanager.dll
0x69d60000 - 0x69f23000 	C:\windows\system32\d3d9.dll
0x74980000 - 0x74989000 	C:\windows\system32\VERSION.dll
0x69d50000 - 0x69d56000 	C:\windows\system32\d3d8thk.dll
0x695d0000 - 0x69d4e000 	C:\windows\system32\nvd3dum.dll
0x70880000 - 0x708a5000 	C:\windows\system32\powrprof.dll
0x768f0000 - 0x76a8d000 	C:\windows\syswow64\SETUPAPI.dll
0x767a0000 - 0x767c7000 	C:\windows\syswow64\CFGMGR32.dll
0x764a0000 - 0x764b2000 	C:\windows\syswow64\DEVOBJ.dll
0x755d0000 - 0x76219000 	C:\windows\syswow64\shell32.dll
0x6d620000 - 0x6d629000 	C:\Program Files (x86)\Java\jre6\bin\nio.dll

VM Arguments:
java_command: C:\Users\usuario\Desktop\stuff\crap\shimeji\Dotsu\Shimeji.jar
Launcher Type: SUN_STANDARD

Environment Variables:
CLASSPATH=.;C:\Program Files (x86)\Java\jre6\lib\ext\QTJava.zip
PATH=C:\Program Files\Common Files\Microsoft Shared\Windows Live;C:\Program Files (x86)\Common Files\Microsoft Shared\Windows Live;C:\windows\system32;C:\windows;C:\windows\System32\Wbem;C:\windows\System32\WindowsPowerShell\v1.0\;C:\Program Files (x86)\Autodesk\Backburner\;C:\Program Files (x86)\Common Files\Autodesk Shared\;C:\Program Files\Common Files\Autodesk Shared\;C:\Program Files (x86)\Windows Live\Shared;C:\Program Files (x86)\QuickTime\QTSystem\;C:\Program Files (x86)\Common Files\Roxio Shared\DLLShared\;C:\Program Files (x86)\Common Files\Roxio Shared\9.0\DLLShared\;C:\Program Files (x86)\Java\jre6\bin
USERNAME=usuario
OS=Windows_NT
PROCESSOR_IDENTIFIER=Intel64 Family 6 Model 30 Stepping 5, GenuineIntel



---------------  S Y S T E M  ---------------

OS: Windows 7 Build 7600 

CPU:total 8 (4 cores per cpu, 2 threads per core) family 6 model 30 stepping 5, cmov, cx8, fxsr, mmx, sse, sse2, sse3, ssse3, sse4.1, sse4.2, popcnt, ht

Memory: 4k page, physical 4123312k(2475964k free), swap 8244724k(5638844k free)

vm_info: Java HotSpot(TM) Client VM (20.1-b02) for windows-x86 JRE (1.6.0_26-b03), built on May  4 2011 00:50:59 by "java_re" with MS VC++ 7.1 (VS2003)

time: Sat Nov 05 23:07:16 2011
elapsed time: 32346 seconds

