#
# A fatal error has been detected by the Java Runtime Environment:
#
#  EXCEPTION_ACCESS_VIOLATION (0xc0000005) at pc=0x10006059, pid=5604, tid=3252
#
# JRE version: 6.0_26-b03
# Java VM: Java HotSpot(TM) Client VM (20.1-b02 mixed mode, sharing windows-x86 )
# Problematic frame:
# C  0x10006059
#
# If you would like to submit a bug report, please visit:
#   http://java.sun.com/webapps/bugreport/crash.jsp
# The crash happened outside the Java Virtual Machine in native code.
# See problematic frame for where to report the bug.
#

---------------  T H R E A D  ---------------

Current thread (0x0490f000):  JavaThread "Thread-7" [_thread_in_native, id=3252, stack(0x09730000,0x09780000)]

siginfo: ExceptionCode=0xc0000005, reading address 0x10006059

Registers:
EAX=0x00000010, EBX=0x00000000, ECX=0x25420168, EDX=0x0490f128
ESP=0x0977f8bc, EBP=0x0977f8e8, ESI=0x0977f8d8, EDI=0x0490f000
EIP=0x10006059, EFLAGS=0x00010246

Top of Stack: (sp=0x0977f8bc)
0x0977f8bc:   023bf96b 0490f128 0977f8d8 00000010
0x0977f8cc:   00000000 0977f8e8 0977f8e8 342e2128
0x0977f8dc:   00000000 25420168 25420168 0977fbcc
0x0977f8ec:   023c239c 00000010 00000000 0977f908
0x0977f8fc:   6d7f2b20 0490f000 0977f934 6d7f2ac6
0x0977f90c:   0490f000 342d8098 0490f000 25420168
0x0977f91c:   0977f910 0490f128 0977fc78 6d9f9d60
0x0977f92c:   6d9fc6f0 ffffffff 0977f944 0977fbcc 

Instructions: (pc=0x10006059)
0x10006039:   
[error occurred during error reporting (printing registers, top of stack, instructions near pc), id 0xc0000005]

Register to memory mapping:

EAX=0x00000010 is an unknown value
EBX=0x00000000 is an unknown value
ECX=
[error occurred during error reporting (printing register info), id 0xc0000005]

Stack: [0x09730000,0x09780000],  sp=0x0977f8bc,  free space=318k
Native frames: (J=compiled Java code, j=interpreted, Vv=VM code, C=native code)
C  0x10006059
J  com.sun.jna.Memory.<init>(J)V
V  [jvm.dll+0xfae4b]
V  [jvm.dll+0x18c531]
V  [jvm.dll+0xfaff1]
V  [jvm.dll+0xfb04b]
V  [jvm.dll+0xb56b9]
V  [jvm.dll+0x1190d4]
V  [jvm.dll+0x1411ac]
C  [msvcr71.dll+0x9565]  endthreadex+0xa0
C  [kernel32.dll+0x13677]  BaseThreadInitThunk+0x12
C  [ntdll.dll+0x39d42]  RtlInitializeExceptionChain+0x63
C  [ntdll.dll+0x39d15]  RtlInitializeExceptionChain+0x36

Java frames: (J=compiled Java code, j=interpreted, Vv=VM code)
J  com.sun.jna.Memory.malloc(J)J
J  com.sun.jna.Memory.<init>(J)V
J  com.sun.jna.Structure.allocateMemory(I)V
J  com.sun.jna.Structure.<init>(Lcom/sun/jna/Pointer;ILcom/sun/jna/TypeMapper;)V
J  com.group_finity.mascot.win.WindowsEnvironment.getWorkAreaRect()Ljava/awt/Rectangle;
J  com.group_finity.mascot.win.WindowsEnvironment.tick()V
J  com.group_finity.mascot.Manager.tick()V
J  com.group_finity.mascot.Manager$2.run()V
v  ~StubRoutines::call_stub

---------------  P R O C E S S  ---------------

Java Threads: ( => current thread )
  0x0834c400 JavaThread "Thread-3" daemon [_thread_in_native, id=4116, stack(0x09870000,0x098c0000)]
  0x01ec7400 JavaThread "SIGTERM handler" daemon [_thread_blocked, id=5364, stack(0x094a0000,0x094f0000)]
  0x00259400 JavaThread "DestroyJavaVM" [_thread_blocked, id=6088, stack(0x00260000,0x002b0000)]
=>0x0490f000 JavaThread "Thread-7" [_thread_in_native, id=3252, stack(0x09730000,0x09780000)]
  0x0489e400 JavaThread "AWT-EventQueue-0" [_thread_blocked, id=5008, stack(0x09280000,0x092d0000)]
  0x0490a400 JavaThread "AWT-Shutdown" [_thread_blocked, id=4672, stack(0x091f0000,0x09240000)]
  0x0486c000 JavaThread "Thread-4" daemon [_thread_blocked, id=1888, stack(0x05290000,0x052e0000)]
  0x0486b800 JavaThread "AWT-Windows" daemon [_thread_in_native, id=3352, stack(0x050c0000,0x05110000)]
  0x0481e400 JavaThread "Java2D Disposer" daemon [_thread_blocked, id=3140, stack(0x04dd0000,0x04e20000)]
  0x0475b800 JavaThread "Thread-1" daemon [_thread_blocked, id=6140, stack(0x04950000,0x049a0000)]
  0x01e89000 JavaThread "Low Memory Detector" daemon [_thread_blocked, id=3584, stack(0x04630000,0x04680000)]
  0x01e84400 JavaThread "C1 CompilerThread0" daemon [_thread_blocked, id=3456, stack(0x045a0000,0x045f0000)]
  0x01e7f000 JavaThread "Attach Listener" daemon [_thread_blocked, id=5432, stack(0x04510000,0x04560000)]
  0x01e7c000 JavaThread "Signal Dispatcher" daemon [_thread_blocked, id=2592, stack(0x04480000,0x044d0000)]
  0x01e74400 JavaThread "Finalizer" daemon [_thread_blocked, id=4884, stack(0x043f0000,0x04440000)]
  0x01e72400 JavaThread "Reference Handler" daemon [_thread_blocked, id=5984, stack(0x04360000,0x043b0000)]

Other Threads:
  0x01e36800 VMThread [stack: 0x042d0000,0x04320000] [id=5564]
  0x01e9a800 WatcherThread [stack: 0x046c0000,0x04710000] [id=5384]

VM state:not at safepoint (normal execution)

VM Mutex/Monitor currently owned by a thread: None

Heap
 def new generation   total 34048K, used 23958K [0x24170000, 0x26660000, 0x296c0000)
  eden space 30272K,  70% used [0x24170000, 0x25628258, 0x25f00000)
  from space 3776K,  72% used [0x25f00000, 0x261ad760, 0x262b0000)
  to   space 3776K,   0% used [0x262b0000, 0x262b0000, 0x26660000)
 tenured generation   total 75544K, used 41335K [0x296c0000, 0x2e086000, 0x34170000)
   the space 75544K,  54% used [0x296c0000, 0x2bf1df90, 0x2bf1e000, 0x2e086000)
 compacting perm gen  total 12288K, used 2840K [0x34170000, 0x34d70000, 0x38170000)
   the space 12288K,  23% used [0x34170000, 0x344360b0, 0x34436200, 0x34d70000)
    ro space 10240K,  51% used [0x38170000, 0x3869dff8, 0x3869e000, 0x38b70000)
    rw space 12288K,  55% used [0x38b70000, 0x3920c208, 0x3920c400, 0x39770000)

Code Cache  [0x02220000, 0x02528000, 0x04220000)
 total_blobs=1465 nmethods=1262 adapters=138 free_code_cache=30393536 largest_free_block=192

Dynamic libraries:
0x00400000 - 0x00424000 	C:\Program Files (x86)\Java\jre6\bin\javaw.exe
0x77870000 - 0x779f0000 	C:\windows\SysWOW64\ntdll.dll
0x757b0000 - 0x758b0000 	C:\windows\syswow64\kernel32.dll
0x76240000 - 0x76286000 	C:\windows\syswow64\KERNELBASE.dll
0x72d50000 - 0x72d84000 	C:\Program Files\Alwil Software\Avast5\snxhk.dll
0x75ea0000 - 0x75f40000 	C:\windows\syswow64\ADVAPI32.dll
0x758b0000 - 0x7595c000 	C:\windows\syswow64\msvcrt.dll
0x75e70000 - 0x75e89000 	C:\windows\SysWOW64\sechost.dll
0x75d20000 - 0x75e10000 	C:\windows\syswow64\RPCRT4.dll
0x753e0000 - 0x75440000 	C:\windows\syswow64\SspiCli.dll
0x753d0000 - 0x753dc000 	C:\windows\syswow64\CRYPTBASE.dll
0x75c20000 - 0x75d20000 	C:\windows\syswow64\USER32.dll
0x75a30000 - 0x75ac0000 	C:\windows\syswow64\GDI32.dll
0x75440000 - 0x7544a000 	C:\windows\syswow64\LPK.dll
0x756a0000 - 0x7573d000 	C:\windows\syswow64\USP10.dll
0x75740000 - 0x757a0000 	C:\windows\system32\IMM32.DLL
0x75960000 - 0x75a2c000 	C:\windows\syswow64\MSCTF.dll
0x7c340000 - 0x7c396000 	C:\Program Files (x86)\Java\jre6\bin\msvcr71.dll
0x6d7f0000 - 0x6da9f000 	C:\Program Files (x86)\Java\jre6\bin\client\jvm.dll
0x74600000 - 0x74632000 	C:\windows\system32\WINMM.dll
0x74b50000 - 0x74b9b000 	C:\windows\system32\apphelp.dll
0x6d7a0000 - 0x6d7ac000 	C:\Program Files (x86)\Java\jre6\bin\verify.dll
0x6d320000 - 0x6d33f000 	C:\Program Files (x86)\Java\jre6\bin\java.dll
0x757a0000 - 0x757a5000 	C:\windows\system32\PSAPI.DLL
0x6d7e0000 - 0x6d7ef000 	C:\Program Files (x86)\Java\jre6\bin\zip.dll
0x73080000 - 0x73096000 	C:\windows\system32\CRYPTSP.dll
0x73040000 - 0x7307b000 	C:\windows\system32\rsaenh.dll
0x75070000 - 0x75087000 	C:\windows\system32\USERENV.dll
0x75060000 - 0x7506b000 	C:\windows\system32\profapi.dll
0x6d600000 - 0x6d613000 	C:\Program Files (x86)\Java\jre6\bin\net.dll
0x75fd0000 - 0x76005000 	C:\windows\syswow64\WS2_32.dll
0x76290000 - 0x76296000 	C:\windows\syswow64\NSI.dll
0x73000000 - 0x7303c000 	C:\windows\system32\mswsock.dll
0x72e10000 - 0x72e16000 	C:\windows\System32\wship6.dll
0x72fe0000 - 0x72ff0000 	C:\windows\system32\NLAapi.dll
0x72f90000 - 0x72fd4000 	C:\windows\system32\DNSAPI.dll
0x72f80000 - 0x72f88000 	C:\windows\System32\winrnr.dll
0x72f70000 - 0x72f80000 	C:\windows\system32\napinsp.dll
0x72f50000 - 0x72f62000 	C:\windows\system32\pnrpnsp.dll
0x72f20000 - 0x72f47000 	C:\Program Files (x86)\Common Files\Microsoft Shared\Windows Live\WLIDNSP.DLL
0x75640000 - 0x75697000 	C:\windows\syswow64\SHLWAPI.dll
0x72e50000 - 0x72e75000 	C:\Program Files (x86)\Bonjour\mdnsNSP.dll
0x72e30000 - 0x72e4c000 	C:\windows\system32\Iphlpapi.DLL
0x72e20000 - 0x72e27000 	C:\windows\system32\WINNSI.DLL
0x72ff0000 - 0x72ff5000 	C:\windows\System32\wshtcpip.dll
0x72e00000 - 0x72e06000 	C:\windows\system32\rasadhlp.dll
0x72dc0000 - 0x72df8000 	C:\windows\System32\fwpuclnt.dll
0x6d000000 - 0x6d14b000 	C:\Program Files (x86)\Java\jre6\bin\awt.dll
0x72350000 - 0x723a1000 	C:\windows\system32\WINSPOOL.DRV
0x75ac0000 - 0x75c1c000 	C:\windows\syswow64\ole32.dll
0x728e0000 - 0x72a7e000 	C:\windows\WinSxS\x86_microsoft.windows.common-controls_6595b64144ccf1df_6.0.7600.16385_none_421189da2b7fabfc\COMCTL32.dll
0x773e0000 - 0x77464000 	C:\windows\WinSxS\x86_microsoft.windows.common-controls_6595b64144ccf1df_5.82.7600.16385_none_ebf82fc36c758ad5\comctl32.dll
0x72230000 - 0x72243000 	C:\windows\system32\DWMAPI.DLL
0x72290000 - 0x72310000 	C:\windows\system32\uxtheme.dll
0x72cf0000 - 0x72d48000 	C:\Program Files (x86)\Common Files\microsoft shared\ink\tiptsf.dll
0x76090000 - 0x7611f000 	C:\windows\syswow64\OLEAUT32.dll
0x6d230000 - 0x6d27f000 	C:\Program Files (x86)\Java\jre6\bin\fontmanager.dll
0x052e0000 - 0x054a3000 	C:\windows\system32\d3d9.dll
0x750a0000 - 0x750a9000 	C:\windows\system32\VERSION.dll
0x73630000 - 0x73636000 	C:\windows\system32\d3d8thk.dll
0x05580000 - 0x05cfe000 	C:\windows\system32\nvd3dum.dll
0x735b0000 - 0x735d5000 	C:\windows\system32\powrprof.dll
0x763a0000 - 0x7653d000 	C:\windows\syswow64\SETUPAPI.dll
0x75e40000 - 0x75e67000 	C:\windows\syswow64\CFGMGR32.dll
0x75590000 - 0x755a2000 	C:\windows\syswow64\DEVOBJ.dll
0x76790000 - 0x773d9000 	C:\windows\syswow64\shell32.dll
0x6d620000 - 0x6d629000 	C:\Program Files (x86)\Java\jre6\bin\nio.dll

VM Arguments:
java_command: C:\Users\usuario\Desktop\stuff\crap\shimeji\nien2\Shimeji.jar
Launcher Type: SUN_STANDARD

Environment Variables:
CLASSPATH=.;C:\Program Files (x86)\Java\jre6\lib\ext\QTJava.zip
PATH=C:\Program Files\Common Files\Microsoft Shared\Windows Live;C:\Program Files (x86)\Common Files\Microsoft Shared\Windows Live;C:\windows\system32;C:\windows;C:\windows\System32\Wbem;C:\windows\System32\WindowsPowerShell\v1.0\;C:\Program Files (x86)\Autodesk\Backburner\;C:\Program Files (x86)\Common Files\Autodesk Shared\;C:\Program Files\Common Files\Autodesk Shared\;C:\Program Files (x86)\Windows Live\Shared;C:\Program Files (x86)\QuickTime\QTSystem\;C:\Program Files (x86)\Common Files\Roxio Shared\DLLShared\;C:\Program Files (x86)\Common Files\Roxio Shared\9.0\DLLShared\;C:\Program Files (x86)\Java\jre6\bin
USERNAME=usuario
OS=Windows_NT
PROCESSOR_IDENTIFIER=Intel64 Family 6 Model 30 Stepping 5, GenuineIntel



---------------  S Y S T E M  ---------------

OS: Windows 7 Build 7600 

CPU:total 8 (4 cores per cpu, 2 threads per core) family 6 model 30 stepping 5, cmov, cx8, fxsr, mmx, sse, sse2, sse3, ssse3, sse4.1, sse4.2, popcnt, ht

Memory: 4k page, physical 4123312k(2332188k free), swap 8244724k(6281616k free)

vm_info: Java HotSpot(TM) Client VM (20.1-b02) for windows-x86 JRE (1.6.0_26-b03), built on May  4 2011 00:50:59 by "java_re" with MS VC++ 7.1 (VS2003)

time: Sat Nov 05 08:07:42 2011
elapsed time: 3654 seconds

