#
# A fatal error has been detected by the Java Runtime Environment:
#
#  EXCEPTION_ACCESS_VIOLATION (0xc0000005) at pc=0x10006059, pid=6088, tid=1232
#
# JRE version: 6.0_26-b03
# Java VM: Java HotSpot(TM) Client VM (20.1-b02 mixed mode, sharing windows-x86 )
# Problematic frame:
# C  0x10006059
#
# If you would like to submit a bug report, please visit:
#   http://java.sun.com/webapps/bugreport/crash.jsp
# The crash happened outside the Java Virtual Machine in native code.
# See problematic frame for where to report the bug.
#

---------------  T H R E A D  ---------------

Current thread (0x080ad000):  JavaThread "Thread-7" [_thread_in_native, id=1232, stack(0x08de0000,0x08e30000)]

siginfo: ExceptionCode=0xc0000005, reading address 0x10006059

Registers:
EAX=0x00000010, EBX=0x00000000, ECX=0x24489480, EDX=0x080ad128
ESP=0x08e2f6bc, EBP=0x08e2f6e8, ESI=0x08e2f6d8, EDI=0x080ad000
EIP=0x10006059, EFLAGS=0x00010246

Top of Stack: (sp=0x08e2f6bc)
0x08e2f6bc:   0232202b 080ad128 08e2f6d8 00000010
0x08e2f6cc:   00000000 08e2f6e8 08e2f6e8 342e2128
0x08e2f6dc:   00000000 24489480 24489480 08e2f9cc
0x08e2f6ec:   023241dc 00000010 00000000 08e2f708
0x08e2f6fc:   6d7f2b20 080ad000 08e2f734 6d7f2ac6
0x08e2f70c:   080ad000 342d8098 080ad000 24489480
0x08e2f71c:   08e2f710 080ad128 08e2fa78 6d9f9d60
0x08e2f72c:   6d9fc6f0 ffffffff 08e2f744 08e2f9cc 

Instructions: (pc=0x10006059)
0x10006039:   
[error occurred during error reporting (printing registers, top of stack, instructions near pc), id 0xc0000005]

Register to memory mapping:

EAX=0x00000010 is an unknown value
EBX=0x00000000 is an unknown value
ECX=
[error occurred during error reporting (printing register info), id 0xc0000005]

Stack: [0x08de0000,0x08e30000],  sp=0x08e2f6bc,  free space=317k
Native frames: (J=compiled Java code, j=interpreted, Vv=VM code, C=native code)
C  0x10006059
J  com.sun.jna.Memory.<init>(J)V
V  [jvm.dll+0xfae4b]
V  [jvm.dll+0x18c531]
V  [jvm.dll+0xfaff1]
V  [jvm.dll+0xfb04b]
V  [jvm.dll+0xb56b9]
V  [jvm.dll+0x1190d4]
V  [jvm.dll+0x1411ac]
C  [msvcr71.dll+0x9565]  endthreadex+0xa0
C  [kernel32.dll+0x13677]  BaseThreadInitThunk+0x12
C  [ntdll.dll+0x39d42]  RtlInitializeExceptionChain+0x63
C  [ntdll.dll+0x39d15]  RtlInitializeExceptionChain+0x36

Java frames: (J=compiled Java code, j=interpreted, Vv=VM code)
J  com.sun.jna.Memory.malloc(J)J
J  com.sun.jna.Memory.<init>(J)V
J  com.sun.jna.Structure.allocateMemory(I)V
J  com.sun.jna.Structure.<init>(Lcom/sun/jna/Pointer;ILcom/sun/jna/TypeMapper;)V
J  com.group_finity.mascot.win.WindowsEnvironment.getWorkAreaRect()Ljava/awt/Rectangle;
J  com.group_finity.mascot.win.WindowsEnvironment.tick()V
J  com.group_finity.mascot.Manager.tick()V
J  com.group_finity.mascot.Manager$2.run()V
v  ~StubRoutines::call_stub

---------------  P R O C E S S  ---------------

Java Threads: ( => current thread )
  0x0214a800 JavaThread "Thread-3" daemon [_thread_in_native, id=5624, stack(0x09840000,0x09890000)]
  0x0482dc00 JavaThread "SIGTERM handler" daemon [_thread_blocked, id=964, stack(0x08ac0000,0x08b10000)]
  0x02179400 JavaThread "DestroyJavaVM" [_thread_blocked, id=1872, stack(0x00250000,0x002a0000)]
=>0x080ad000 JavaThread "Thread-7" [_thread_in_native, id=1232, stack(0x08de0000,0x08e30000)]
  0x048dd000 JavaThread "AWT-EventQueue-0" [_thread_blocked, id=700, stack(0x08930000,0x08980000)]
  0x048dbc00 JavaThread "AWT-Shutdown" [_thread_blocked, id=5160, stack(0x088a0000,0x088f0000)]
  0x04879c00 JavaThread "Thread-4" daemon [_thread_blocked, id=2360, stack(0x05260000,0x052b0000)]
  0x04879800 JavaThread "AWT-Windows" daemon [_thread_in_native, id=504, stack(0x051d0000,0x05220000)]
  0x0483bc00 JavaThread "Java2D Disposer" daemon [_thread_blocked, id=1012, stack(0x04e50000,0x04ea0000)]
  0x04769000 JavaThread "Thread-1" daemon [_thread_blocked, id=5536, stack(0x04950000,0x049a0000)]
  0x02126800 JavaThread "Low Memory Detector" daemon [_thread_blocked, id=4488, stack(0x04630000,0x04680000)]
  0x02112000 JavaThread "C1 CompilerThread0" daemon [_thread_blocked, id=3512, stack(0x045a0000,0x045f0000)]
  0x0210f000 JavaThread "Attach Listener" daemon [_thread_blocked, id=4868, stack(0x04510000,0x04560000)]
  0x0210e000 JavaThread "Signal Dispatcher" daemon [_thread_blocked, id=4980, stack(0x04480000,0x044d0000)]
  0x02104400 JavaThread "Finalizer" daemon [_thread_blocked, id=5140, stack(0x043f0000,0x04440000)]
  0x02102400 JavaThread "Reference Handler" daemon [_thread_blocked, id=1536, stack(0x04360000,0x043b0000)]

Other Threads:
  0x020c6800 VMThread [stack: 0x042d0000,0x04320000] [id=5852]
  0x0213ac00 WatcherThread [stack: 0x046c0000,0x04710000] [id=1876]

VM state:not at safepoint (normal execution)

VM Mutex/Monitor currently owned by a thread: None

Heap
 def new generation   total 35392K, used 8441K [0x24170000, 0x267d0000, 0x296c0000)
  eden space 31488K,  16% used [0x24170000, 0x24683cd8, 0x26030000)
  from space 3904K,  83% used [0x26400000, 0x2672a958, 0x267d0000)
  to   space 3904K,   0% used [0x26030000, 0x26030000, 0x26400000)
 tenured generation   total 78532K, used 67558K [0x296c0000, 0x2e371000, 0x34170000)
   the space 78532K,  86% used [0x296c0000, 0x2d8b9ac0, 0x2d8b9c00, 0x2e371000)
 compacting perm gen  total 12288K, used 2836K [0x34170000, 0x34d70000, 0x38170000)
   the space 12288K,  23% used [0x34170000, 0x34435378, 0x34435400, 0x34d70000)
    ro space 10240K,  51% used [0x38170000, 0x3869dff8, 0x3869e000, 0x38b70000)
    rw space 12288K,  55% used [0x38b70000, 0x3920c208, 0x3920c400, 0x39770000)

Code Cache  [0x02180000, 0x02490000, 0x04180000)
 total_blobs=1456 nmethods=1252 adapters=139 free_code_cache=30370880 largest_free_block=7872

Dynamic libraries:
0x00400000 - 0x00424000 	C:\Program Files (x86)\Java\jre6\bin\javaw.exe
0x77410000 - 0x77590000 	C:\windows\SysWOW64\ntdll.dll
0x75ad0000 - 0x75bd0000 	C:\windows\syswow64\kernel32.dll
0x757d0000 - 0x75816000 	C:\windows\syswow64\KERNELBASE.dll
0x72e20000 - 0x72e54000 	C:\Program Files\Alwil Software\Avast5\snxhk.dll
0x75820000 - 0x758c0000 	C:\windows\syswow64\ADVAPI32.dll
0x758c0000 - 0x7596c000 	C:\windows\syswow64\msvcrt.dll
0x75330000 - 0x75349000 	C:\windows\SysWOW64\sechost.dll
0x751e0000 - 0x752d0000 	C:\windows\syswow64\RPCRT4.dll
0x74f80000 - 0x74fe0000 	C:\windows\syswow64\SspiCli.dll
0x74f70000 - 0x74f7c000 	C:\windows\syswow64\CRYPTBASE.dll
0x75bd0000 - 0x75cd0000 	C:\windows\syswow64\USER32.dll
0x76e30000 - 0x76ec0000 	C:\windows\syswow64\GDI32.dll
0x757c0000 - 0x757ca000 	C:\windows\syswow64\LPK.dll
0x74fe0000 - 0x7507d000 	C:\windows\syswow64\USP10.dll
0x75fb0000 - 0x76010000 	C:\windows\system32\IMM32.DLL
0x76f40000 - 0x7700c000 	C:\windows\syswow64\MSCTF.dll
0x7c340000 - 0x7c396000 	C:\Program Files (x86)\Java\jre6\bin\msvcr71.dll
0x6d7f0000 - 0x6da9f000 	C:\Program Files (x86)\Java\jre6\bin\client\jvm.dll
0x73fb0000 - 0x73fe2000 	C:\windows\system32\WINMM.dll
0x736e0000 - 0x7372b000 	C:\windows\system32\apphelp.dll
0x6d7a0000 - 0x6d7ac000 	C:\Program Files (x86)\Java\jre6\bin\verify.dll
0x6d320000 - 0x6d33f000 	C:\Program Files (x86)\Java\jre6\bin\java.dll
0x773e0000 - 0x773e5000 	C:\windows\system32\PSAPI.DLL
0x6d7e0000 - 0x6d7ef000 	C:\Program Files (x86)\Java\jre6\bin\zip.dll
0x72910000 - 0x72926000 	C:\windows\system32\CRYPTSP.dll
0x728d0000 - 0x7290b000 	C:\windows\system32\rsaenh.dll
0x74c10000 - 0x74c27000 	C:\windows\system32\USERENV.dll
0x74c00000 - 0x74c0b000 	C:\windows\system32\profapi.dll
0x6d600000 - 0x6d613000 	C:\Program Files (x86)\Java\jre6\bin\net.dll
0x75380000 - 0x753b5000 	C:\windows\syswow64\WS2_32.dll
0x75080000 - 0x75086000 	C:\windows\syswow64\NSI.dll
0x72890000 - 0x728cc000 	C:\windows\system32\mswsock.dll
0x726a0000 - 0x726a6000 	C:\windows\System32\wship6.dll
0x72870000 - 0x72880000 	C:\windows\system32\NLAapi.dll
0x72820000 - 0x72864000 	C:\windows\system32\DNSAPI.dll
0x72810000 - 0x72818000 	C:\windows\System32\winrnr.dll
0x72800000 - 0x72810000 	C:\windows\system32\napinsp.dll
0x727e0000 - 0x727f2000 	C:\windows\system32\pnrpnsp.dll
0x727b0000 - 0x727d7000 	C:\Program Files (x86)\Common Files\Microsoft Shared\Windows Live\WLIDNSP.DLL
0x75760000 - 0x757b7000 	C:\windows\syswow64\SHLWAPI.dll
0x72780000 - 0x727a5000 	C:\Program Files (x86)\Bonjour\mdnsNSP.dll
0x72760000 - 0x7277c000 	C:\windows\system32\Iphlpapi.DLL
0x72750000 - 0x72757000 	C:\windows\system32\WINNSI.DLL
0x72880000 - 0x72885000 	C:\windows\System32\wshtcpip.dll
0x72690000 - 0x72696000 	C:\windows\system32\rasadhlp.dll
0x74780000 - 0x747b8000 	C:\windows\System32\fwpuclnt.dll
0x6d000000 - 0x6d14b000 	C:\Program Files (x86)\Java\jre6\bin\awt.dll
0x73750000 - 0x737a1000 	C:\windows\system32\WINSPOOL.DRV
0x75970000 - 0x75acc000 	C:\windows\syswow64\ole32.dll
0x74440000 - 0x745de000 	C:\windows\WinSxS\x86_microsoft.windows.common-controls_6595b64144ccf1df_6.0.7600.16385_none_421189da2b7fabfc\COMCTL32.dll
0x75f20000 - 0x75fa4000 	C:\windows\WinSxS\x86_microsoft.windows.common-controls_6595b64144ccf1df_5.82.7600.16385_none_ebf82fc36c758ad5\comctl32.dll
0x73b00000 - 0x73b13000 	C:\windows\system32\DWMAPI.DLL
0x73bf0000 - 0x73c70000 	C:\windows\system32\uxtheme.dll
0x72dc0000 - 0x72e18000 	C:\Program Files (x86)\Common Files\microsoft shared\ink\tiptsf.dll
0x76010000 - 0x7609f000 	C:\windows\syswow64\OLEAUT32.dll
0x6d230000 - 0x6d27f000 	C:\Program Files (x86)\Java\jre6\bin\fontmanager.dll
0x6ca60000 - 0x6cc23000 	C:\windows\system32\d3d9.dll
0x74c40000 - 0x74c49000 	C:\windows\system32\VERSION.dll
0x74710000 - 0x74716000 	C:\windows\system32\d3d8thk.dll
0x66760000 - 0x66ede000 	C:\windows\system32\nvd3dum.dll
0x73d60000 - 0x73d85000 	C:\windows\system32\powrprof.dll
0x755a0000 - 0x7573d000 	C:\windows\syswow64\SETUPAPI.dll
0x75350000 - 0x75377000 	C:\windows\syswow64\CFGMGR32.dll
0x75740000 - 0x75752000 	C:\windows\syswow64\DEVOBJ.dll
0x760a0000 - 0x76ce9000 	C:\windows\syswow64\shell32.dll
0x6d620000 - 0x6d629000 	C:\Program Files (x86)\Java\jre6\bin\nio.dll

VM Arguments:
java_command: C:\Users\usuario\Desktop\stuff\crap\shimeji\zawk\Shimeji.jar
Launcher Type: SUN_STANDARD

Environment Variables:
CLASSPATH=.;C:\Program Files (x86)\Java\jre6\lib\ext\QTJava.zip
PATH=C:\Program Files\Common Files\Microsoft Shared\Windows Live;C:\Program Files (x86)\Common Files\Microsoft Shared\Windows Live;C:\windows\system32;C:\windows;C:\windows\System32\Wbem;C:\windows\System32\WindowsPowerShell\v1.0\;C:\Program Files (x86)\Autodesk\Backburner\;C:\Program Files (x86)\Common Files\Autodesk Shared\;C:\Program Files\Common Files\Autodesk Shared\;C:\Program Files (x86)\Windows Live\Shared;C:\Program Files (x86)\QuickTime\QTSystem\;C:\Program Files (x86)\Common Files\Roxio Shared\DLLShared\;C:\Program Files (x86)\Common Files\Roxio Shared\9.0\DLLShared\;C:\Program Files (x86)\Java\jre6\bin
USERNAME=usuario
OS=Windows_NT
PROCESSOR_IDENTIFIER=Intel64 Family 6 Model 30 Stepping 5, GenuineIntel



---------------  S Y S T E M  ---------------

OS: Windows 7 Build 7600 

CPU:total 8 (4 cores per cpu, 2 threads per core) family 6 model 30 stepping 5, cmov, cx8, fxsr, mmx, sse, sse2, sse3, ssse3, sse4.1, sse4.2, popcnt, ht

Memory: 4k page, physical 4123312k(2431420k free), swap 8244724k(6070772k free)

vm_info: Java HotSpot(TM) Client VM (20.1-b02) for windows-x86 JRE (1.6.0_26-b03), built on May  4 2011 00:50:59 by "java_re" with MS VC++ 7.1 (VS2003)

time: Tue Nov 01 13:08:29 2011
elapsed time: 11822 seconds

