#
# A fatal error has been detected by the Java Runtime Environment:
#
#  EXCEPTION_ACCESS_VIOLATION (0xc0000005) at pc=0x6d886277, pid=5476, tid=4580
#
# JRE version: 6.0_26-b03
# Java VM: Java HotSpot(TM) Client VM (20.1-b02 mixed mode, sharing windows-x86 )
# Problematic frame:
# V  [jvm.dll+0x96277]
#
# If you would like to submit a bug report, please visit:
#   http://java.sun.com/webapps/bugreport/crash.jsp
#

---------------  T H R E A D  ---------------

Current thread (0x080b6000):  JavaThread "Thread-7" [_thread_in_vm, id=4580, stack(0x08de0000,0x08e30000)]

siginfo: ExceptionCode=0xc0000005, reading address 0x00000000

Registers:
EAX=0x00000000, EBX=0x296c4701, ECX=0x00000006, EDX=0x6da542c0
ESP=0x08e2f41c, EBP=0x08e2f428, ESI=0x0482ab80, EDI=0x080b6000
EIP=0x6d886277, EFLAGS=0x00010202

Top of Stack: (sp=0x08e2f41c)
0x08e2f41c:   080b6000 2504cf90 296c47a8 08e2f6a8
0x08e2f42c:   10001528 080b6128 0482ab80 00000000
0x08e2f43c:   00000000 00000400 0000000a 08e2fc78
0x08e2f44c:   10001451 080b6128 004d9bd8 004d9bdc
0x08e2f45c:   00000578 00000000 00000008 08e2fc78
0x08e2f46c:   1000141e 080b6128 08e2f4a4 6d7f2ac6
0x08e2f47c:   080b6000 00000004 080b6000 296c47a8
0x08e2f48c:   08e2f480 080b6000 08e2fc78 6d9f9d60 

Instructions: (pc=0x6d886277)
0x6d886257:   d7 07 00 33 ff eb 02 8b f9 6a 06 57 e8 e8 c8 f6
0x6d886267:   ff 8b 75 0c 83 c4 08 85 f6 b3 01 74 3e 8b 45 10
0x6d886277:   8b 00 50 32 db e8 df 51 f8 ff 83 c4 04 85 c0 74
0x6d886287:   2a 8b 0e 8b 49 04 8b 50 10 8b 34 0a 83 c1 08 3b 


Register to memory mapping:

EAX=0x00000000 is an unknown value
EBX=0x296c4701 is an oop
com.sun.jna.Library$Handler$FunctionInfo 
 - klass: 'com/sun/jna/Library$Handler$FunctionInfo'
ECX=0x00000006 is an unknown value
EDX=0x6da542c0 is an unknown value
ESP=0x08e2f41c is pointing into the stack for thread: 0x080b6000
EBP=0x08e2f428 is pointing into the stack for thread: 0x080b6000
ESI=0x0482ab80 is an unknown value
EDI=0x080b6000 is a thread


Stack: [0x08de0000,0x08e30000],  sp=0x08e2f41c,  free space=317k
Native frames: (J=compiled Java code, j=interpreted, Vv=VM code, C=native code)
V  [jvm.dll+0x96277]
C  0x10001528
C  0x10002881
J  com.sun.jna.Function.invokeInt(I[Ljava/lang/Object;)I
J  com.sun.jna.Function.invoke([Ljava/lang/Object;Ljava/lang/Class;Z)Ljava/lang/Object;
V  [jvm.dll+0xfae4b]
V  [jvm.dll+0x18c531]
V  [jvm.dll+0xfaff1]
V  [jvm.dll+0xfb04b]
V  [jvm.dll+0xb56b9]
V  [jvm.dll+0x1190d4]
V  [jvm.dll+0x1411ac]
C  [msvcr71.dll+0x9565]  endthreadex+0xa0
C  [kernel32.dll+0x13677]  BaseThreadInitThunk+0x12
C  [ntdll.dll+0x39d42]  RtlInitializeExceptionChain+0x63
C  [ntdll.dll+0x39d15]  RtlInitializeExceptionChain+0x36

Java frames: (J=compiled Java code, j=interpreted, Vv=VM code)
J  com.sun.jna.Function.invokeInt(I[Ljava/lang/Object;)I
J  com.sun.jna.Function.invoke([Ljava/lang/Object;Ljava/lang/Class;Z)Ljava/lang/Object;
J  com.sun.jna.Function.invoke(Ljava/lang/Class;[Ljava/lang/Object;Ljava/util/Map;)Ljava/lang/Object;
J  com.sun.jna.Library$Handler.invoke(Ljava/lang/Object;Ljava/lang/reflect/Method;[Ljava/lang/Object;)Ljava/lang/Object;
J  $Proxy0.SystemParametersInfoW(IILcom/group_finity/mascot/win/jna/RECT;I)I
J  com.group_finity.mascot.win.WindowsEnvironment.getWorkAreaRect()Ljava/awt/Rectangle;
J  com.group_finity.mascot.win.WindowsEnvironment.tick()V
J  com.group_finity.mascot.Manager.tick()V
J  com.group_finity.mascot.Manager$2.run()V
v  ~StubRoutines::call_stub

---------------  P R O C E S S  ---------------

Java Threads: ( => current thread )
  0x004fe400 JavaThread "Thread-3" daemon [_thread_in_native, id=6496, stack(0x08a60000,0x08ab0000)]
  0x046ed400 JavaThread "SIGTERM handler" daemon [_thread_blocked, id=6692, stack(0x08980000,0x089d0000)]
  0x01f29400 JavaThread "DestroyJavaVM" [_thread_blocked, id=3660, stack(0x003a0000,0x003f0000)]
=>0x080b6000 JavaThread "Thread-7" [_thread_in_vm, id=4580, stack(0x08de0000,0x08e30000)]
  0x048b9c00 JavaThread "AWT-EventQueue-0" [_thread_blocked, id=4636, stack(0x08930000,0x08980000)]
  0x048b7c00 JavaThread "AWT-Shutdown" [_thread_blocked, id=3252, stack(0x088a0000,0x088f0000)]
  0x0482c400 JavaThread "Thread-4" daemon [_thread_blocked, id=4172, stack(0x05220000,0x05270000)]
  0x0482bc00 JavaThread "AWT-Windows" daemon [_thread_blocked, id=5520, stack(0x05190000,0x051e0000)]
  0x047df000 JavaThread "Java2D Disposer" daemon [_thread_blocked, id=5036, stack(0x04da0000,0x04df0000)]
  0x0471cc00 JavaThread "Thread-1" daemon [_thread_blocked, id=5812, stack(0x04910000,0x04960000)]
  0x004ddc00 JavaThread "Low Memory Detector" daemon [_thread_blocked, id=5544, stack(0x045f0000,0x04640000)]
  0x004da000 JavaThread "C1 CompilerThread0" daemon [_thread_blocked, id=508, stack(0x04560000,0x045b0000)]
  0x004d7800 JavaThread "Attach Listener" daemon [_thread_blocked, id=3124, stack(0x044d0000,0x04520000)]
  0x004cd000 JavaThread "Signal Dispatcher" daemon [_thread_blocked, id=4120, stack(0x04440000,0x04490000)]
  0x004c4400 JavaThread "Finalizer" daemon [_thread_blocked, id=4644, stack(0x043b0000,0x04400000)]
  0x004c2400 JavaThread "Reference Handler" daemon [_thread_blocked, id=1688, stack(0x04320000,0x04370000)]

Other Threads:
  0x00486800 VMThread [stack: 0x04290000,0x042e0000] [id=2140]
  0x004e9400 WatcherThread [stack: 0x04680000,0x046d0000] [id=5300]

VM state:synchronizing (normal execution)

VM Mutex/Monitor currently owned by a thread:  ([mutex/lock_event])
[0x01f27548] Threads_lock - owner thread: 0x00486800

Heap
 def new generation   total 34816K, used 18965K [0x24170000, 0x26730000, 0x296c0000)
  eden space 30976K,  53% used [0x24170000, 0x2517e4b8, 0x25fb0000)
  from space 3840K,  65% used [0x26370000, 0x265e7058, 0x26730000)
  to   space 3840K,   0% used [0x25fb0000, 0x25fb0000, 0x26370000)
 tenured generation   total 77176K, used 55408K [0x296c0000, 0x2e21e000, 0x34170000)
   the space 77176K,  71% used [0x296c0000, 0x2ccdc3e0, 0x2ccdc400, 0x2e21e000)
 compacting perm gen  total 12288K, used 2914K [0x34170000, 0x34d70000, 0x38170000)
   the space 12288K,  23% used [0x34170000, 0x34448918, 0x34448a00, 0x34d70000)
    ro space 10240K,  51% used [0x38170000, 0x3869dff8, 0x3869e000, 0x38b70000)
    rw space 12288K,  55% used [0x38b70000, 0x3920c208, 0x3920c400, 0x39770000)

Code Cache  [0x02240000, 0x02578000, 0x04240000)
 total_blobs=1551 nmethods=1340 adapters=146 free_code_cache=30212864 largest_free_block=384

Dynamic libraries:
0x00400000 - 0x00424000 	C:\Program Files (x86)\Java\jre6\bin\javaw.exe
0x77c00000 - 0x77d80000 	C:\windows\SysWOW64\ntdll.dll
0x75cf0000 - 0x75df0000 	C:\windows\syswow64\kernel32.dll
0x764b0000 - 0x764f6000 	C:\windows\syswow64\KERNELBASE.dll
0x73570000 - 0x735a4000 	C:\Program Files\Alwil Software\Avast5\snxhk.dll
0x76ab0000 - 0x76b50000 	C:\windows\syswow64\ADVAPI32.dll
0x75b30000 - 0x75bdc000 	C:\windows\syswow64\msvcrt.dll
0x76310000 - 0x76329000 	C:\windows\SysWOW64\sechost.dll
0x76100000 - 0x761f0000 	C:\windows\syswow64\RPCRT4.dll
0x75770000 - 0x757d0000 	C:\windows\syswow64\SspiCli.dll
0x75760000 - 0x7576c000 	C:\windows\syswow64\CRYPTBASE.dll
0x75be0000 - 0x75ce0000 	C:\windows\syswow64\USER32.dll
0x769c0000 - 0x76a50000 	C:\windows\syswow64\GDI32.dll
0x75ce0000 - 0x75cea000 	C:\windows\syswow64\LPK.dll
0x75820000 - 0x758bd000 	C:\windows\syswow64\USP10.dll
0x777a0000 - 0x77800000 	C:\windows\system32\IMM32.DLL
0x758c0000 - 0x7598c000 	C:\windows\syswow64\MSCTF.dll
0x7c340000 - 0x7c396000 	C:\Program Files (x86)\Java\jre6\bin\msvcr71.dll
0x6d7f0000 - 0x6da9f000 	C:\Program Files (x86)\Java\jre6\bin\client\jvm.dll
0x749e0000 - 0x74a12000 	C:\windows\system32\WINMM.dll
0x72ba0000 - 0x72beb000 	C:\windows\system32\apphelp.dll
0x6d7a0000 - 0x6d7ac000 	C:\Program Files (x86)\Java\jre6\bin\verify.dll
0x6d320000 - 0x6d33f000 	C:\Program Files (x86)\Java\jre6\bin\java.dll
0x769b0000 - 0x769b5000 	C:\windows\system32\PSAPI.DLL
0x6d7e0000 - 0x6d7ef000 	C:\Program Files (x86)\Java\jre6\bin\zip.dll
0x73100000 - 0x73116000 	C:\windows\system32\CRYPTSP.dll
0x730c0000 - 0x730fb000 	C:\windows\system32\rsaenh.dll
0x75400000 - 0x75417000 	C:\windows\system32\USERENV.dll
0x753f0000 - 0x753fb000 	C:\windows\system32\profapi.dll
0x6d600000 - 0x6d613000 	C:\Program Files (x86)\Java\jre6\bin\net.dll
0x757e0000 - 0x75815000 	C:\windows\syswow64\WS2_32.dll
0x757d0000 - 0x757d6000 	C:\windows\syswow64\NSI.dll
0x73080000 - 0x730bc000 	C:\windows\system32\mswsock.dll
0x72ef0000 - 0x72ef6000 	C:\windows\System32\wship6.dll
0x73060000 - 0x73070000 	C:\windows\system32\NLAapi.dll
0x73010000 - 0x73054000 	C:\windows\system32\DNSAPI.dll
0x73000000 - 0x73008000 	C:\windows\System32\winrnr.dll
0x72ff0000 - 0x73000000 	C:\windows\system32\napinsp.dll
0x72fd0000 - 0x72fe2000 	C:\windows\system32\pnrpnsp.dll
0x72fa0000 - 0x72fc7000 	C:\Program Files (x86)\Common Files\Microsoft Shared\Windows Live\WLIDNSP.DLL
0x76a50000 - 0x76aa7000 	C:\windows\syswow64\SHLWAPI.dll
0x72e90000 - 0x72eb5000 	C:\Program Files (x86)\Bonjour\mdnsNSP.dll
0x72e70000 - 0x72e8c000 	C:\windows\system32\Iphlpapi.DLL
0x72e60000 - 0x72e67000 	C:\windows\system32\WINNSI.DLL
0x73070000 - 0x73075000 	C:\windows\System32\wshtcpip.dll
0x72ee0000 - 0x72ee6000 	C:\windows\system32\rasadhlp.dll
0x72e20000 - 0x72e58000 	C:\windows\System32\fwpuclnt.dll
0x6d000000 - 0x6d14b000 	C:\Program Files (x86)\Java\jre6\bin\awt.dll
0x72690000 - 0x726e1000 	C:\windows\system32\WINSPOOL.DRV
0x76330000 - 0x7648c000 	C:\windows\syswow64\ole32.dll
0x72c60000 - 0x72dfe000 	C:\windows\WinSxS\x86_microsoft.windows.common-controls_6595b64144ccf1df_6.0.7600.16385_none_421189da2b7fabfc\COMCTL32.dll
0x768f0000 - 0x76974000 	C:\windows\WinSxS\x86_microsoft.windows.common-controls_6595b64144ccf1df_5.82.7600.16385_none_ebf82fc36c758ad5\comctl32.dll
0x72570000 - 0x72583000 	C:\windows\system32\DWMAPI.DLL
0x72590000 - 0x72610000 	C:\windows\system32\uxtheme.dll
0x734d0000 - 0x73528000 	C:\Program Files (x86)\Common Files\microsoft shared\ink\tiptsf.dll
0x76740000 - 0x767cf000 	C:\windows\syswow64\OLEAUT32.dll
0x6d230000 - 0x6d27f000 	C:\Program Files (x86)\Java\jre6\bin\fontmanager.dll
0x6b140000 - 0x6b303000 	C:\windows\system32\d3d9.dll
0x75430000 - 0x75439000 	C:\windows\system32\VERSION.dll
0x6b130000 - 0x6b136000 	C:\windows\system32\d3d8thk.dll
0x6a1d0000 - 0x6a94e000 	C:\windows\system32\nvd3dum.dll
0x72b60000 - 0x72b85000 	C:\windows\system32\powrprof.dll
0x75990000 - 0x75b2d000 	C:\windows\syswow64\SETUPAPI.dll
0x76830000 - 0x76857000 	C:\windows\syswow64\CFGMGR32.dll
0x76490000 - 0x764a2000 	C:\windows\syswow64\DEVOBJ.dll
0x76b50000 - 0x77799000 	C:\windows\syswow64\shell32.dll
0x6d620000 - 0x6d629000 	C:\Program Files (x86)\Java\jre6\bin\nio.dll

VM Arguments:
java_command: C:\Users\usuario\Desktop\stuff\crap\shimeji\zawk\Shimeji.jar
Launcher Type: SUN_STANDARD

Environment Variables:
CLASSPATH=.;C:\Program Files (x86)\Java\jre6\lib\ext\QTJava.zip
PATH=C:\Program Files\Common Files\Microsoft Shared\Windows Live;C:\Program Files (x86)\Common Files\Microsoft Shared\Windows Live;C:\windows\system32;C:\windows;C:\windows\System32\Wbem;C:\windows\System32\WindowsPowerShell\v1.0\;C:\Program Files (x86)\Autodesk\Backburner\;C:\Program Files (x86)\Common Files\Autodesk Shared\;C:\Program Files\Common Files\Autodesk Shared\;C:\Program Files (x86)\Windows Live\Shared;C:\Program Files (x86)\QuickTime\QTSystem\;C:\Program Files (x86)\Common Files\Roxio Shared\DLLShared\;C:\Program Files (x86)\Common Files\Roxio Shared\9.0\DLLShared\;C:\Program Files (x86)\Java\jre6\bin
USERNAME=usuario
OS=Windows_NT
PROCESSOR_IDENTIFIER=Intel64 Family 6 Model 30 Stepping 5, GenuineIntel



---------------  S Y S T E M  ---------------

OS: Windows 7 Build 7600 

CPU:total 8 (4 cores per cpu, 2 threads per core) family 6 model 30 stepping 5, cmov, cx8, fxsr, mmx, sse, sse2, sse3, ssse3, sse4.1, sse4.2, popcnt, ht

Memory: 4k page, physical 4123312k(2744012k free), swap 8244724k(6112024k free)

vm_info: Java HotSpot(TM) Client VM (20.1-b02) for windows-x86 JRE (1.6.0_26-b03), built on May  4 2011 00:50:59 by "java_re" with MS VC++ 7.1 (VS2003)

time: Thu Nov 03 23:21:52 2011
elapsed time: 22739 seconds

