#
# A fatal error has been detected by the Java Runtime Environment:
#
#  EXCEPTION_ACCESS_VIOLATION (0xc0000005) at pc=0x6d886277, pid=2452, tid=2100
#
# JRE version: 6.0_26-b03
# Java VM: Java HotSpot(TM) Client VM (20.1-b02 mixed mode, sharing windows-x86 )
# Problematic frame:
# V  [jvm.dll+0x96277]
#
# If you would like to submit a bug report, please visit:
#   http://java.sun.com/webapps/bugreport/crash.jsp
#

---------------  T H R E A D  ---------------

Current thread (0x048ed400):  JavaThread "Thread-7" [_thread_in_vm, id=2100, stack(0x08de0000,0x08e30000)]

siginfo: ExceptionCode=0xc0000005, reading address 0x00000000

Registers:
EAX=0x00000000, EBX=0x00000001, ECX=0x00000006, EDX=0x6da542c0
ESP=0x08e2f3ec, EBP=0x08e2f3f8, ESI=0x048483b4, EDI=0x048ed400
EIP=0x6d886277, EFLAGS=0x00010206

Top of Stack: (sp=0x08e2f3ec)
0x08e2f3ec:   048ed400 08e2f490 00000000 08e2f658
0x08e2f3fc:   10001528 048ed528 048483b4 00000000
0x08e2f40c:   100064c4 048ed528 02131c40 08e2fc78
0x08e2f41c:   10001451 08e2f490 08e2f454 6d7f2ac6
0x08e2f42c:   048ed400 00000002 048ed400 08e2fc78
0x08e2f43c:   1000141e 100156ec 08e2fc78 6d9f9d60
0x08e2f44c:   6d9fc6f0 ffffffff 08e2f464 6d7f2b20
0x08e2f45c:   048ed400 048ed400 08e2f488 08e2fc78 

Instructions: (pc=0x6d886277)
0x6d886257:   d7 07 00 33 ff eb 02 8b f9 6a 06 57 e8 e8 c8 f6
0x6d886267:   ff 8b 75 0c 83 c4 08 85 f6 b3 01 74 3e 8b 45 10
0x6d886277:   8b 00 50 32 db e8 df 51 f8 ff 83 c4 04 85 c0 74
0x6d886287:   2a 8b 0e 8b 49 04 8b 50 10 8b 34 0a 83 c1 08 3b 


Register to memory mapping:

EAX=0x00000000 is an unknown value
EBX=0x00000001 is an unknown value
ECX=0x00000006 is an unknown value
EDX=0x6da542c0 is an unknown value
ESP=0x08e2f3ec is pointing into the stack for thread: 0x048ed400
EBP=0x08e2f3f8 is pointing into the stack for thread: 0x048ed400
ESI=0x048483b4 is an unknown value
EDI=0x048ed400 is a thread


Stack: [0x08de0000,0x08e30000],  sp=0x08e2f3ec,  free space=316k
Native frames: (J=compiled Java code, j=interpreted, Vv=VM code, C=native code)
V  [jvm.dll+0x96277]
C  0x10001528
C  0x100026f4
J  com.sun.jna.Function.invokePointer(I[Ljava/lang/Object;)Lcom/sun/jna/Pointer;
J  com.sun.jna.Function.invoke([Ljava/lang/Object;Ljava/lang/Class;Z)Ljava/lang/Object;
V  [jvm.dll+0xfae4b]
V  [jvm.dll+0x18c531]
V  [jvm.dll+0xfaff1]
V  [jvm.dll+0xfb04b]
V  [jvm.dll+0xb56b9]
V  [jvm.dll+0x1190d4]
V  [jvm.dll+0x1411ac]
C  [msvcr71.dll+0x9565]  endthreadex+0xa0
C  [kernel32.dll+0x13677]  BaseThreadInitThunk+0x12
C  [ntdll.dll+0x39d42]  RtlInitializeExceptionChain+0x63
C  [ntdll.dll+0x39d15]  RtlInitializeExceptionChain+0x36

Java frames: (J=compiled Java code, j=interpreted, Vv=VM code)
J  com.sun.jna.Function.invokePointer(I[Ljava/lang/Object;)Lcom/sun/jna/Pointer;
J  com.sun.jna.Function.invoke([Ljava/lang/Object;Ljava/lang/Class;Z)Ljava/lang/Object;
J  com.sun.jna.Function.invoke(Ljava/lang/Class;[Ljava/lang/Object;Ljava/util/Map;)Ljava/lang/Object;
J  com.sun.jna.Library$Handler.invoke(Ljava/lang/Object;Ljava/lang/reflect/Method;[Ljava/lang/Object;)Ljava/lang/Object;
J  $Proxy0.GetWindow(Lcom/sun/jna/Pointer;I)Lcom/sun/jna/Pointer;
J  com.group_finity.mascot.win.WindowsEnvironment.findActiveIE()Lcom/sun/jna/Pointer;
J  com.group_finity.mascot.win.WindowsEnvironment.getActiveIERect()Ljava/awt/Rectangle;
J  com.group_finity.mascot.win.WindowsEnvironment.tick()V
J  com.group_finity.mascot.Manager.tick()V
J  com.group_finity.mascot.Manager$2.run()V
v  ~StubRoutines::call_stub

---------------  P R O C E S S  ---------------

Java Threads: ( => current thread )
  0x02161000 JavaThread "Thread-3" daemon [_thread_in_native, id=2620, stack(0x08b40000,0x08b90000)]
  0x02160400 JavaThread "SIGTERM handler" daemon [_thread_blocked, id=5816, stack(0x08a20000,0x08a70000)]
  0x003a9400 JavaThread "DestroyJavaVM" [_thread_blocked, id=4068, stack(0x00220000,0x00270000)]
=>0x048ed400 JavaThread "Thread-7" [_thread_in_vm, id=2100, stack(0x08de0000,0x08e30000)]
  0x048af400 JavaThread "AWT-EventQueue-0" [_thread_blocked, id=6292, stack(0x08930000,0x08980000)]
  0x048ac400 JavaThread "AWT-Shutdown" [_thread_blocked, id=3320, stack(0x088a0000,0x088f0000)]
  0x0484a000 JavaThread "Thread-4" daemon [_thread_blocked, id=6500, stack(0x05220000,0x05270000)]
  0x04849800 JavaThread "AWT-Windows" daemon [_thread_in_native, id=6020, stack(0x05170000,0x051c0000)]
  0x0480c400 JavaThread "Java2D Disposer" daemon [_thread_blocked, id=4788, stack(0x04dc0000,0x04e10000)]
  0x0473b400 JavaThread "Thread-1" daemon [_thread_blocked, id=4248, stack(0x04930000,0x04980000)]
  0x02138400 JavaThread "Low Memory Detector" daemon [_thread_blocked, id=4940, stack(0x04610000,0x04660000)]
  0x02132000 JavaThread "C1 CompilerThread0" daemon [_thread_blocked, id=3316, stack(0x04580000,0x045d0000)]
  0x0212f000 JavaThread "Attach Listener" daemon [_thread_blocked, id=2832, stack(0x044f0000,0x04540000)]
  0x0212c000 JavaThread "Signal Dispatcher" daemon [_thread_blocked, id=5784, stack(0x04460000,0x044b0000)]
  0x02124400 JavaThread "Finalizer" daemon [_thread_blocked, id=1532, stack(0x043d0000,0x04420000)]
  0x02122400 JavaThread "Reference Handler" daemon [_thread_blocked, id=1276, stack(0x04340000,0x04390000)]

Other Threads:
  0x020e6800 VMThread [stack: 0x042b0000,0x04300000] [id=2944]
  0x0214a800 WatcherThread [stack: 0x046a0000,0x046f0000] [id=1120]

VM state:not at safepoint (normal execution)

VM Mutex/Monitor currently owned by a thread: None

Heap
 def new generation   total 30592K, used 28334K [0x24170000, 0x262a0000, 0x296c0000)
  eden space 27200K,  97% used [0x24170000, 0x25b74f18, 0x25c00000)
  from space 3392K,  49% used [0x25c00000, 0x25da6c18, 0x25f50000)
  to   space 3392K,   0% used [0x25f50000, 0x25f50000, 0x262a0000)
 tenured generation   total 67892K, used 42119K [0x296c0000, 0x2d90d000, 0x34170000)
   the space 67892K,  62% used [0x296c0000, 0x2bfe1db0, 0x2bfe1e00, 0x2d90d000)
 compacting perm gen  total 12288K, used 2810K [0x34170000, 0x34d70000, 0x38170000)
   the space 12288K,  22% used [0x34170000, 0x3442e978, 0x3442ea00, 0x34d70000)
    ro space 10240K,  51% used [0x38170000, 0x3869dff8, 0x3869e000, 0x38b70000)
    rw space 12288K,  55% used [0x38b70000, 0x3920c208, 0x3920c400, 0x39770000)

Code Cache  [0x02190000, 0x02490000, 0x04190000)
 total_blobs=1437 nmethods=1241 adapters=131 free_code_cache=30411584 largest_free_block=0

Dynamic libraries:
0x00400000 - 0x00424000 	C:\Program Files (x86)\Java\jre6\bin\javaw.exe
0x770b0000 - 0x77230000 	C:\windows\SysWOW64\ntdll.dll
0x75e90000 - 0x75f90000 	C:\windows\syswow64\kernel32.dll
0x762e0000 - 0x76326000 	C:\windows\syswow64\KERNELBASE.dll
0x72a90000 - 0x72ac4000 	C:\Program Files\Alwil Software\Avast5\snxhk.dll
0x768b0000 - 0x76950000 	C:\windows\syswow64\ADVAPI32.dll
0x767d0000 - 0x7687c000 	C:\windows\syswow64\msvcrt.dll
0x74ea0000 - 0x74eb9000 	C:\windows\SysWOW64\sechost.dll
0x761f0000 - 0x762e0000 	C:\windows\syswow64\RPCRT4.dll
0x74c20000 - 0x74c80000 	C:\windows\syswow64\SspiCli.dll
0x74c10000 - 0x74c1c000 	C:\windows\syswow64\CRYPTBASE.dll
0x76330000 - 0x76430000 	C:\windows\syswow64\USER32.dll
0x760d0000 - 0x76160000 	C:\windows\syswow64\GDI32.dll
0x767c0000 - 0x767ca000 	C:\windows\syswow64\LPK.dll
0x74c80000 - 0x74d1d000 	C:\windows\syswow64\USP10.dll
0x76430000 - 0x76490000 	C:\windows\system32\IMM32.DLL
0x766f0000 - 0x767bc000 	C:\windows\syswow64\MSCTF.dll
0x7c340000 - 0x7c396000 	C:\Program Files (x86)\Java\jre6\bin\msvcr71.dll
0x6d7f0000 - 0x6da9f000 	C:\Program Files (x86)\Java\jre6\bin\client\jvm.dll
0x731a0000 - 0x731d2000 	C:\windows\system32\WINMM.dll
0x743b0000 - 0x743fb000 	C:\windows\system32\apphelp.dll
0x6d7a0000 - 0x6d7ac000 	C:\Program Files (x86)\Java\jre6\bin\verify.dll
0x6d320000 - 0x6d33f000 	C:\Program Files (x86)\Java\jre6\bin\java.dll
0x77080000 - 0x77085000 	C:\windows\system32\PSAPI.DLL
0x6d7e0000 - 0x6d7ef000 	C:\Program Files (x86)\Java\jre6\bin\zip.dll
0x725b0000 - 0x725c6000 	C:\windows\system32\CRYPTSP.dll
0x72490000 - 0x724cb000 	C:\windows\system32\rsaenh.dll
0x748b0000 - 0x748c7000 	C:\windows\system32\USERENV.dll
0x748a0000 - 0x748ab000 	C:\windows\system32\profapi.dll
0x6d600000 - 0x6d613000 	C:\Program Files (x86)\Java\jre6\bin\net.dll
0x75c50000 - 0x75c85000 	C:\windows\syswow64\WS2_32.dll
0x75e80000 - 0x75e86000 	C:\windows\syswow64\NSI.dll
0x724d0000 - 0x7250c000 	C:\windows\system32\mswsock.dll
0x72340000 - 0x72346000 	C:\windows\System32\wship6.dll
0x72470000 - 0x72480000 	C:\windows\system32\NLAapi.dll
0x72420000 - 0x72464000 	C:\windows\system32\DNSAPI.dll
0x72410000 - 0x72418000 	C:\windows\System32\winrnr.dll
0x72400000 - 0x72410000 	C:\windows\system32\napinsp.dll
0x723e0000 - 0x723f2000 	C:\windows\system32\pnrpnsp.dll
0x723b0000 - 0x723d7000 	C:\Program Files (x86)\Common Files\Microsoft Shared\Windows Live\WLIDNSP.DLL
0x76690000 - 0x766e7000 	C:\windows\syswow64\SHLWAPI.dll
0x72380000 - 0x723a5000 	C:\Program Files (x86)\Bonjour\mdnsNSP.dll
0x72360000 - 0x7237c000 	C:\windows\system32\Iphlpapi.DLL
0x72350000 - 0x72357000 	C:\windows\system32\WINNSI.DLL
0x72480000 - 0x72485000 	C:\windows\System32\wshtcpip.dll
0x72330000 - 0x72336000 	C:\windows\system32\rasadhlp.dll
0x744a0000 - 0x744d8000 	C:\windows\System32\fwpuclnt.dll
0x6d000000 - 0x6d14b000 	C:\Program Files (x86)\Java\jre6\bin\awt.dll
0x73c40000 - 0x73c91000 	C:\windows\system32\WINSPOOL.DRV
0x769b0000 - 0x76b0c000 	C:\windows\syswow64\ole32.dll
0x73f20000 - 0x740be000 	C:\windows\WinSxS\x86_microsoft.windows.common-controls_6595b64144ccf1df_6.0.7600.16385_none_421189da2b7fabfc\COMCTL32.dll
0x76bb0000 - 0x76c34000 	C:\windows\WinSxS\x86_microsoft.windows.common-controls_6595b64144ccf1df_5.82.7600.16385_none_ebf82fc36c758ad5\comctl32.dll
0x73cb0000 - 0x73cc3000 	C:\windows\system32\DWMAPI.DLL
0x73ac0000 - 0x73b40000 	C:\windows\system32\uxtheme.dll
0x72a30000 - 0x72a88000 	C:\Program Files (x86)\Common Files\microsoft shared\ink\tiptsf.dll
0x76160000 - 0x761ef000 	C:\windows\syswow64\OLEAUT32.dll
0x6d230000 - 0x6d27f000 	C:\Program Files (x86)\Java\jre6\bin\fontmanager.dll
0x69460000 - 0x69623000 	C:\windows\system32\d3d9.dll
0x748e0000 - 0x748e9000 	C:\windows\system32\VERSION.dll
0x69450000 - 0x69456000 	C:\windows\system32\d3d8thk.dll
0x61010000 - 0x6178e000 	C:\windows\system32\nvd3dum.dll
0x72f40000 - 0x72f65000 	C:\windows\system32\powrprof.dll
0x75ce0000 - 0x75e7d000 	C:\windows\syswow64\SETUPAPI.dll
0x76980000 - 0x769a7000 	C:\windows\syswow64\CFGMGR32.dll
0x75f90000 - 0x75fa2000 	C:\windows\syswow64\DEVOBJ.dll
0x75000000 - 0x75c49000 	C:\windows\syswow64\shell32.dll

VM Arguments:
java_command: C:\Users\usuario\Desktop\stuff\crap\shimeji\nien2\Shimeji.jar
Launcher Type: SUN_STANDARD

Environment Variables:
CLASSPATH=.;C:\Program Files (x86)\Java\jre6\lib\ext\QTJava.zip
PATH=C:\Program Files\Common Files\Microsoft Shared\Windows Live;C:\Program Files (x86)\Common Files\Microsoft Shared\Windows Live;C:\windows\system32;C:\windows;C:\windows\System32\Wbem;C:\windows\System32\WindowsPowerShell\v1.0\;C:\Program Files (x86)\Autodesk\Backburner\;C:\Program Files (x86)\Common Files\Autodesk Shared\;C:\Program Files\Common Files\Autodesk Shared\;C:\Program Files (x86)\Windows Live\Shared;C:\Program Files (x86)\QuickTime\QTSystem\;C:\Program Files (x86)\Common Files\Roxio Shared\DLLShared\;C:\Program Files (x86)\Common Files\Roxio Shared\9.0\DLLShared\;C:\Program Files (x86)\Java\jre6\bin
USERNAME=usuario
OS=Windows_NT
PROCESSOR_IDENTIFIER=Intel64 Family 6 Model 30 Stepping 5, GenuineIntel



---------------  S Y S T E M  ---------------

OS: Windows 7 Build 7600 

CPU:total 8 (4 cores per cpu, 2 threads per core) family 6 model 30 stepping 5, cmov, cx8, fxsr, mmx, sse, sse2, sse3, ssse3, sse4.1, sse4.2, popcnt, ht

Memory: 4k page, physical 4123312k(2148116k free), swap 8244724k(6012240k free)

vm_info: Java HotSpot(TM) Client VM (20.1-b02) for windows-x86 JRE (1.6.0_26-b03), built on May  4 2011 00:50:59 by "java_re" with MS VC++ 7.1 (VS2003)

time: Fri Nov 04 09:38:00 2011
elapsed time: 2127 seconds

