#
# A fatal error has been detected by the Java Runtime Environment:
#
#  EXCEPTION_ACCESS_VIOLATION (0xc0000005) at pc=0x10006059, pid=7088, tid=5812
#
# JRE version: 6.0_26-b03
# Java VM: Java HotSpot(TM) Client VM (20.1-b02 mixed mode, sharing windows-x86 )
# Problematic frame:
# C  0x10006059
#
# If you would like to submit a bug report, please visit:
#   http://java.sun.com/webapps/bugreport/crash.jsp
# The crash happened outside the Java Virtual Machine in native code.
# See problematic frame for where to report the bug.
#

---------------  T H R E A D  ---------------

Current thread (0x048d9800):  JavaThread "Thread-7" [_thread_in_native, id=5812, stack(0x08de0000,0x08e30000)]

siginfo: ExceptionCode=0xc0000005, reading address 0x10006059

Registers:
EAX=0x00000010, EBX=0x00000000, ECX=0x248034a0, EDX=0x048d9928
ESP=0x08e2f6bc, EBP=0x08e2f6e8, ESI=0x08e2f6d8, EDI=0x048d9800
EIP=0x10006059, EFLAGS=0x00010246

Top of Stack: (sp=0x08e2f6bc)
0x08e2f6bc:   0232076b 048d9928 08e2f6d8 00000010
0x08e2f6cc:   00000000 08e2f6e8 08e2f6e8 342e2128
0x08e2f6dc:   00000000 248034a0 248034a0 08e2f9cc
0x08e2f6ec:   0232291c 00000010 00000000 08e2f708
0x08e2f6fc:   6d7f2b20 048d9800 08e2f734 6d7f2ac6
0x08e2f70c:   048d9800 342d8098 048d9800 248034a0
0x08e2f71c:   08e2f710 048d9928 08e2fa78 6d9f9d60
0x08e2f72c:   6d9fc6f0 ffffffff 08e2f744 08e2f9cc 

Instructions: (pc=0x10006059)
0x10006039:   
[error occurred during error reporting (printing registers, top of stack, instructions near pc), id 0xc0000005]

Register to memory mapping:

EAX=0x00000010 is an unknown value
EBX=0x00000000 is an unknown value
ECX=
[error occurred during error reporting (printing register info), id 0xc0000005]

Stack: [0x08de0000,0x08e30000],  sp=0x08e2f6bc,  free space=317k
Native frames: (J=compiled Java code, j=interpreted, Vv=VM code, C=native code)
C  0x10006059
J  com.sun.jna.Memory.<init>(J)V
V  [jvm.dll+0xfae4b]
V  [jvm.dll+0x18c531]
V  [jvm.dll+0xfaff1]
V  [jvm.dll+0xfb04b]
V  [jvm.dll+0xb56b9]
V  [jvm.dll+0x1190d4]
V  [jvm.dll+0x1411ac]
C  [msvcr71.dll+0x9565]  endthreadex+0xa0
C  [kernel32.dll+0x13677]  BaseThreadInitThunk+0x12
C  [ntdll.dll+0x39d42]  RtlInitializeExceptionChain+0x63
C  [ntdll.dll+0x39d15]  RtlInitializeExceptionChain+0x36

Java frames: (J=compiled Java code, j=interpreted, Vv=VM code)
J  com.sun.jna.Memory.malloc(J)J
J  com.sun.jna.Memory.<init>(J)V
J  com.sun.jna.Structure.allocateMemory(I)V
J  com.sun.jna.Structure.<init>(Lcom/sun/jna/Pointer;ILcom/sun/jna/TypeMapper;)V
J  com.group_finity.mascot.win.WindowsEnvironment.getWorkAreaRect()Ljava/awt/Rectangle;
J  com.group_finity.mascot.win.WindowsEnvironment.tick()V
J  com.group_finity.mascot.Manager.tick()V
J  com.group_finity.mascot.Manager$2.run()V
v  ~StubRoutines::call_stub

---------------  P R O C E S S  ---------------

Java Threads: ( => current thread )
  0x04787c00 JavaThread "Thread-3" daemon [_thread_in_native, id=8008, stack(0x08cd0000,0x08d20000)]
  0x082e0c00 JavaThread "SIGTERM handler" daemon [_thread_blocked, id=7948, stack(0x08ac0000,0x08b10000)]
  0x02179400 JavaThread "DestroyJavaVM" [_thread_blocked, id=6696, stack(0x01c50000,0x01ca0000)]
=>0x048d9800 JavaThread "Thread-7" [_thread_in_native, id=5812, stack(0x08de0000,0x08e30000)]
  0x048d0000 JavaThread "AWT-EventQueue-0" [_thread_in_native, id=6684, stack(0x08930000,0x08980000)]
  0x048ce400 JavaThread "AWT-Shutdown" [_thread_blocked, id=5920, stack(0x088a0000,0x088f0000)]
  0x0487a000 JavaThread "Thread-4" daemon [_thread_blocked, id=2300, stack(0x052a0000,0x052f0000)]
  0x04879800 JavaThread "AWT-Windows" daemon [_thread_in_native, id=6288, stack(0x05250000,0x052a0000)]
  0x047f4400 JavaThread "Java2D Disposer" daemon [_thread_blocked, id=6252, stack(0x04d40000,0x04d90000)]
  0x0208a400 JavaThread "Thread-1" daemon [_thread_blocked, id=2480, stack(0x04920000,0x04970000)]
  0x02037400 JavaThread "Low Memory Detector" daemon [_thread_blocked, id=6216, stack(0x04600000,0x04650000)]
  0x02033000 JavaThread "C1 CompilerThread0" daemon [_thread_blocked, id=6460, stack(0x04570000,0x045c0000)]
  0x02030000 JavaThread "Attach Listener" daemon [_thread_blocked, id=3984, stack(0x044e0000,0x04530000)]
  0x0202d000 JavaThread "Signal Dispatcher" daemon [_thread_blocked, id=6940, stack(0x04450000,0x044a0000)]
  0x02024400 JavaThread "Finalizer" daemon [_thread_blocked, id=6664, stack(0x043c0000,0x04410000)]
  0x02022400 JavaThread "Reference Handler" daemon [_thread_blocked, id=6748, stack(0x04330000,0x04380000)]

Other Threads:
  0x01fe6800 VMThread [stack: 0x042a0000,0x042f0000] [id=4872]
  0x02049800 WatcherThread [stack: 0x04690000,0x046e0000] [id=2584]

VM state:not at safepoint (normal execution)

VM Mutex/Monitor currently owned by a thread: None

Heap
 def new generation   total 34752K, used 10457K [0x24170000, 0x26720000, 0x296c0000)
  eden space 30912K,  27% used [0x24170000, 0x249d8b60, 0x25fa0000)
  from space 3840K,  48% used [0x25fa0000, 0x2616db28, 0x26360000)
  to   space 3840K,   0% used [0x26360000, 0x26360000, 0x26720000)
 tenured generation   total 77128K, used 45781K [0x296c0000, 0x2e212000, 0x34170000)
   the space 77128K,  59% used [0x296c0000, 0x2c3756f8, 0x2c375800, 0x2e212000)
 compacting perm gen  total 12288K, used 2831K [0x34170000, 0x34d70000, 0x38170000)
   the space 12288K,  23% used [0x34170000, 0x34433c08, 0x34433e00, 0x34d70000)
    ro space 10240K,  51% used [0x38170000, 0x3869dff8, 0x3869e000, 0x38b70000)
    rw space 12288K,  55% used [0x38b70000, 0x3920c208, 0x3920c400, 0x39770000)

Code Cache  [0x02180000, 0x02498000, 0x04180000)
 total_blobs=1493 nmethods=1289 adapters=139 free_code_cache=30326336 largest_free_block=384

Dynamic libraries:
0x00400000 - 0x00424000 	C:\Program Files (x86)\Java\jre6\bin\javaw.exe
0x77150000 - 0x772d0000 	C:\windows\SysWOW64\ntdll.dll
0x76690000 - 0x76790000 	C:\windows\syswow64\kernel32.dll
0x75110000 - 0x75156000 	C:\windows\syswow64\KERNELBASE.dll
0x72a30000 - 0x72a64000 	C:\Program Files\Alwil Software\Avast5\snxhk.dll
0x75260000 - 0x75300000 	C:\windows\syswow64\ADVAPI32.dll
0x76320000 - 0x763cc000 	C:\windows\syswow64\msvcrt.dll
0x76670000 - 0x76689000 	C:\windows\SysWOW64\sechost.dll
0x75020000 - 0x75110000 	C:\windows\syswow64\RPCRT4.dll
0x74cc0000 - 0x74d20000 	C:\windows\syswow64\SspiCli.dll
0x74cb0000 - 0x74cbc000 	C:\windows\syswow64\CRYPTBASE.dll
0x75160000 - 0x75260000 	C:\windows\syswow64\USER32.dll
0x76410000 - 0x764a0000 	C:\windows\syswow64\GDI32.dll
0x76790000 - 0x7679a000 	C:\windows\syswow64\LPK.dll
0x75460000 - 0x754fd000 	C:\windows\syswow64\USP10.dll
0x74fc0000 - 0x75020000 	C:\windows\system32\IMM32.DLL
0x75500000 - 0x755cc000 	C:\windows\syswow64\MSCTF.dll
0x7c340000 - 0x7c396000 	C:\Program Files (x86)\Java\jre6\bin\msvcr71.dll
0x6d7f0000 - 0x6da9f000 	C:\Program Files (x86)\Java\jre6\bin\client\jvm.dll
0x73050000 - 0x73082000 	C:\windows\system32\WINMM.dll
0x743d0000 - 0x7441b000 	C:\windows\system32\apphelp.dll
0x6d7a0000 - 0x6d7ac000 	C:\Program Files (x86)\Java\jre6\bin\verify.dll
0x6d320000 - 0x6d33f000 	C:\Program Files (x86)\Java\jre6\bin\java.dll
0x76400000 - 0x76405000 	C:\windows\system32\PSAPI.DLL
0x6d7e0000 - 0x6d7ef000 	C:\Program Files (x86)\Java\jre6\bin\zip.dll
0x72650000 - 0x72666000 	C:\windows\system32\CRYPTSP.dll
0x72610000 - 0x7264b000 	C:\windows\system32\rsaenh.dll
0x74950000 - 0x74967000 	C:\windows\system32\USERENV.dll
0x74940000 - 0x7494b000 	C:\windows\system32\profapi.dll
0x6d600000 - 0x6d613000 	C:\Program Files (x86)\Java\jre6\bin\net.dll
0x76c80000 - 0x76cb5000 	C:\windows\syswow64\WS2_32.dll
0x74fb0000 - 0x74fb6000 	C:\windows\syswow64\NSI.dll
0x725d0000 - 0x7260c000 	C:\windows\system32\mswsock.dll
0x723e0000 - 0x723e6000 	C:\windows\System32\wship6.dll
0x725b0000 - 0x725c0000 	C:\windows\system32\NLAapi.dll
0x72560000 - 0x725a4000 	C:\windows\system32\DNSAPI.dll
0x72550000 - 0x72558000 	C:\windows\System32\winrnr.dll
0x72540000 - 0x72550000 	C:\windows\system32\napinsp.dll
0x72510000 - 0x72522000 	C:\windows\system32\pnrpnsp.dll
0x724e0000 - 0x72507000 	C:\Program Files (x86)\Common Files\Microsoft Shared\Windows Live\WLIDNSP.DLL
0x764c0000 - 0x76517000 	C:\windows\syswow64\SHLWAPI.dll
0x724b0000 - 0x724d5000 	C:\Program Files (x86)\Bonjour\mdnsNSP.dll
0x72490000 - 0x724ac000 	C:\windows\system32\Iphlpapi.DLL
0x72530000 - 0x72537000 	C:\windows\system32\WINNSI.DLL
0x725c0000 - 0x725c5000 	C:\windows\System32\wshtcpip.dll
0x723d0000 - 0x723d6000 	C:\windows\system32\rasadhlp.dll
0x744c0000 - 0x744f8000 	C:\windows\System32\fwpuclnt.dll
0x6d000000 - 0x6d14b000 	C:\Program Files (x86)\Java\jre6\bin\awt.dll
0x73390000 - 0x733e1000 	C:\windows\system32\WINSPOOL.DRV
0x75300000 - 0x7545c000 	C:\windows\syswow64\ole32.dll
0x73c30000 - 0x73dce000 	C:\windows\WinSxS\x86_microsoft.windows.common-controls_6595b64144ccf1df_6.0.7600.16385_none_421189da2b7fabfc\COMCTL32.dll
0x74f20000 - 0x74fa4000 	C:\windows\WinSxS\x86_microsoft.windows.common-controls_6595b64144ccf1df_5.82.7600.16385_none_ebf82fc36c758ad5\comctl32.dll
0x73360000 - 0x73373000 	C:\windows\system32\DWMAPI.DLL
0x73700000 - 0x73780000 	C:\windows\system32\uxtheme.dll
0x729d0000 - 0x72a28000 	C:\Program Files (x86)\Common Files\microsoft shared\ink\tiptsf.dll
0x76cc0000 - 0x76d4f000 	C:\windows\syswow64\OLEAUT32.dll
0x6d230000 - 0x6d27f000 	C:\Program Files (x86)\Java\jre6\bin\fontmanager.dll
0x69d60000 - 0x69f23000 	C:\windows\system32\d3d9.dll
0x74980000 - 0x74989000 	C:\windows\system32\VERSION.dll
0x69d50000 - 0x69d56000 	C:\windows\system32\d3d8thk.dll
0x695d0000 - 0x69d4e000 	C:\windows\system32\nvd3dum.dll
0x70880000 - 0x708a5000 	C:\windows\system32\powrprof.dll
0x768f0000 - 0x76a8d000 	C:\windows\syswow64\SETUPAPI.dll
0x767a0000 - 0x767c7000 	C:\windows\syswow64\CFGMGR32.dll
0x764a0000 - 0x764b2000 	C:\windows\syswow64\DEVOBJ.dll
0x755d0000 - 0x76219000 	C:\windows\syswow64\shell32.dll
0x6d620000 - 0x6d629000 	C:\Program Files (x86)\Java\jre6\bin\nio.dll

VM Arguments:
java_command: C:\Users\usuario\Desktop\stuff\crap\shimeji\eile\Shimeji.jar
Launcher Type: SUN_STANDARD

Environment Variables:
CLASSPATH=.;C:\Program Files (x86)\Java\jre6\lib\ext\QTJava.zip
PATH=C:\Program Files\Common Files\Microsoft Shared\Windows Live;C:\Program Files (x86)\Common Files\Microsoft Shared\Windows Live;C:\windows\system32;C:\windows;C:\windows\System32\Wbem;C:\windows\System32\WindowsPowerShell\v1.0\;C:\Program Files (x86)\Autodesk\Backburner\;C:\Program Files (x86)\Common Files\Autodesk Shared\;C:\Program Files\Common Files\Autodesk Shared\;C:\Program Files (x86)\Windows Live\Shared;C:\Program Files (x86)\QuickTime\QTSystem\;C:\Program Files (x86)\Common Files\Roxio Shared\DLLShared\;C:\Program Files (x86)\Common Files\Roxio Shared\9.0\DLLShared\;C:\Program Files (x86)\Java\jre6\bin
USERNAME=usuario
OS=Windows_NT
PROCESSOR_IDENTIFIER=Intel64 Family 6 Model 30 Stepping 5, GenuineIntel



---------------  S Y S T E M  ---------------

OS: Windows 7 Build 7600 

CPU:total 8 (4 cores per cpu, 2 threads per core) family 6 model 30 stepping 5, cmov, cx8, fxsr, mmx, sse, sse2, sse3, ssse3, sse4.1, sse4.2, popcnt, ht

Memory: 4k page, physical 4123312k(2598084k free), swap 8244724k(5850572k free)

vm_info: Java HotSpot(TM) Client VM (20.1-b02) for windows-x86 JRE (1.6.0_26-b03), built on May  4 2011 00:50:59 by "java_re" with MS VC++ 7.1 (VS2003)

time: Sat Nov 05 23:07:16 2011
elapsed time: 43142 seconds

